2021-01-28 09:38:09,509 WARN  Get version failed:未能找到路径“D:\ProjectGit\SignInApp\SignInApp\SignInApp\bin\Debug\upgrade\config.xml”的一部分。 
2021-01-28 09:38:11,308 INFO  admin 
2021-01-28 09:38:13,407 WARN  无效的 URI: 未能确定 URI 的格式。 
2021-01-28 09:40:14,140 INFO  admin 
2021-01-28 09:40:16,925 WARN  无效的 URI: 未能确定 URI 的格式。 
2021-01-28 09:40:22,443 WARN  Get version failed:未能找到路径“D:\ProjectGit\SignInApp\SignInApp\SignInApp\bin\Debug\upgrade\config.xml”的一部分。 
2021-01-28 09:40:24,569 INFO  admin 
2021-01-28 09:40:26,410 WARN  远程服务器返回错误: (401) 未经授权。 
2021-01-28 09:40:36,589 INFO  zjkhjg001 
2021-01-28 09:40:38,163 WARN  远程服务器返回错误: (401) 未经授权。 
2021-01-28 09:40:44,542 INFO  zjkhjg001 
2021-01-28 09:46:09,625 INFO  zjkhjg001 
2021-01-28 09:46:36,741 WARN  Get version failed:未能找到路径“D:\ProjectGit\SignInApp\SignInApp\SignInApp\bin\Debug\upgrade\config.xml”的一部分。 
2021-01-28 09:46:38,182 INFO  zjkhjg001 
2021-01-28 09:47:04,866 INFO  zjkhjg001 
2021-01-28 09:47:15,444 INFO  zjkhjg001登录成功 
2021-01-28 10:00:08,753 WARN  Get version failed:未能找到路径“D:\ProjectGit\SignInApp\SignInApp\SignInApp\bin\Debug\upgrade\config.xml”的一部分。 
2021-01-28 10:00:10,453 INFO  zjkhjg001 
2021-01-28 10:00:10,768 INFO  zjkhjg001登录成功 
2021-01-28 10:00:39,797 WARN  Get version failed:未能找到路径“D:\ProjectGit\SignInApp\SignInApp\SignInApp\bin\Debug\upgrade\config.xml”的一部分。 
2021-01-28 10:00:41,137 INFO  zjkhjg001 
2021-01-28 10:00:41,391 INFO  zjkhjg001登录成功 
2021-01-28 10:03:08,625 WARN  Get version failed:未能找到路径“D:\ProjectGit\SignInApp\SignInApp\SignInApp\bin\Debug\upgrade\config.xml”的一部分。 
2021-01-28 10:03:10,159 INFO  zjkhjg001 
2021-01-28 10:03:10,398 INFO  zjkhjg001登录成功 
2021-01-28 10:04:40,493 WARN  Get version failed:未能找到路径“D:\ProjectGit\SignInApp\SignInApp\SignInApp\bin\Debug\upgrade\config.xml”的一部分。 
2021-01-28 10:04:45,531 INFO  zjkhjg001 
2021-01-28 10:04:45,898 INFO  zjkhjg001登录成功 
2021-01-28 10:59:26,239 WARN  Get version failed:未能找到路径“D:\ProjectGit\SignInApp\SignInApp\SignInApp\bin\Debug\upgrade\config.xml”的一部分。 
2021-01-28 10:59:35,103 INFO  zjkhjg001 
2021-01-28 10:59:35,592 INFO  zjkhjg001登录成功 
2021-01-28 11:03:01,406 WARN  Get version failed:未能找到路径“D:\ProjectGit\SignInApp\SignInApp\SignInApp\bin\Debug\upgrade\config.xml”的一部分。 
2021-01-28 11:03:02,749 INFO  zjkhjg001 
2021-01-28 11:03:03,075 INFO  zjkhjg001登录成功 
2021-01-28 11:06:33,782 WARN  Get version failed:未能找到路径“D:\ProjectGit\SignInApp\SignInApp\SignInApp\bin\Debug\upgrade\config.xml”的一部分。 
2021-01-28 11:06:35,290 INFO  zjkhjg001 
2021-01-28 11:06:35,544 INFO  zjkhjg001登录成功 
2021-01-28 11:07:13,615 WARN  Get version failed:未能找到路径“D:\ProjectGit\SignInApp\SignInApp\SignInApp\bin\Debug\upgrade\config.xml”的一部分。 
2021-01-28 11:07:15,159 INFO  zjkhjg001 
2021-01-28 11:07:15,402 INFO  zjkhjg001登录成功 
2021-01-28 11:19:01,277 WARN  Get version failed:未能找到路径“D:\ProjectGit\SignInApp\SignInApp\SignInApp\bin\Debug\upgrade\config.xml”的一部分。 
2021-01-28 11:19:02,870 INFO  zjkhjg001 
2021-01-28 11:19:03,194 INFO  zjkhjg001登录成功 
2021-01-28 11:20:52,977 WARN  Get version failed:未能找到路径“D:\ProjectGit\SignInApp\SignInApp\SignInApp\bin\Debug\upgrade\config.xml”的一部分。 
2021-01-28 11:20:54,947 INFO  zjkhjg001 
2021-01-28 11:20:55,214 INFO  zjkhjg001登录成功 
2021-01-28 11:42:29,607 WARN  Get version failed:未能找到路径“D:\ProjectGit\SignInApp\SignInApp\SignInApp\bin\Debug\upgrade\config.xml”的一部分。 
2021-01-28 11:43:43,509 WARN  Get version failed:未能找到路径“D:\ProjectGit\SignInApp\SignInApp\SignInApp\bin\Debug\upgrade\config.xml”的一部分。 
2021-01-28 11:43:46,097 INFO  zjkhjg001 
2021-01-28 11:43:46,464 INFO  zjkhjg001登录成功 
2021-01-28 11:43:48,443 INFO  获取班级信息成功 
2021-01-28 12:02:48,028 WARN  Get version failed:未能找到路径“D:\ProjectGit\SignInApp\SignInApp\SignInApp\bin\Debug\upgrade\config.xml”的一部分。 
2021-01-28 12:03:30,610 WARN  Get version failed:未能找到路径“D:\ProjectGit\SignInApp\SignInApp\SignInApp\bin\Debug\upgrade\config.xml”的一部分。 
2021-01-28 12:05:44,274 WARN  Get version failed:未能找到路径“D:\ProjectGit\SignInApp\SignInApp\SignInApp\bin\Debug\upgrade\config.xml”的一部分。 
2021-01-28 12:06:45,850 WARN  Get version failed:未能找到路径“D:\ProjectGit\SignInApp\SignInApp\SignInApp\bin\Debug\upgrade\config.xml”的一部分。 
2021-01-28 12:06:47,542 INFO  zjkhjg001 
2021-01-28 12:06:47,844 INFO  zjkhjg001登录成功 
2021-01-28 12:06:49,399 INFO  获取班级信息成功 
2021-01-28 14:27:15,021 WARN  Get version failed:未能找到路径“D:\ProjectGit\SignInApp\SignInApp\SignInApp\bin\Debug\upgrade\config.xml”的一部分。 
2021-01-28 14:27:16,411 INFO  zjkhjg001 
2021-01-28 14:27:16,887 INFO  zjkhjg001登录成功 
2021-01-28 14:28:43,879 WARN  Get version failed:未能找到路径“D:\ProjectGit\SignInApp\SignInApp\SignInApp\bin\Debug\upgrade\config.xml”的一部分。 
2021-01-28 14:28:45,516 INFO  zjkhjg001 
2021-01-28 14:28:45,820 INFO  zjkhjg001登录成功 
2021-01-28 14:28:50,307 INFO  获取班级信息成功 
2021-01-28 14:43:23,431 WARN  Get version failed:未能找到路径“D:\ProjectGit\SignInApp\SignInApp\SignInApp\bin\Debug\upgrade\config.xml”的一部分。 
2021-01-28 14:43:28,530 INFO  zjkhjg001 
2021-01-28 14:43:28,877 INFO  zjkhjg001登录成功 
2021-01-28 14:43:30,614 INFO  获取班级信息成功 
2021-01-28 14:49:17,149 WARN  Get version failed:未能找到路径“D:\ProjectGit\SignInApp\SignInApp\SignInApp\bin\Debug\upgrade\config.xml”的一部分。 
2021-01-28 14:49:18,928 INFO  zjkhjg001 
2021-01-28 14:49:19,262 INFO  zjkhjg001登录成功 
2021-01-28 14:49:21,028 INFO  获取班级信息成功 
2021-01-28 14:49:38,982 WARN  Get version failed:未能找到路径“D:\ProjectGit\SignInApp\SignInApp\SignInApp\bin\Debug\upgrade\config.xml”的一部分。 
2021-01-28 14:49:43,889 INFO  zjkhjg001 
2021-01-28 14:49:44,159 INFO  zjkhjg001登录成功 
2021-01-28 14:49:45,452 INFO  获取班级信息成功 
2021-01-28 14:53:37,695 WARN  Get version failed:未能找到路径“D:\ProjectGit\SignInApp\SignInApp\SignInApp\bin\Debug\upgrade\config.xml”的一部分。 
2021-01-28 14:53:40,706 INFO  zjkhjg001 
2021-01-28 14:53:41,003 INFO  zjkhjg001登录成功 
2021-01-28 14:53:42,411 INFO  获取班级信息成功 
2021-01-28 14:54:36,364 WARN  Get version failed:未能找到路径“D:\ProjectGit\SignInApp\SignInApp\SignInApp\bin\Debug\upgrade\config.xml”的一部分。 
2021-01-28 14:54:37,922 INFO  zjkhjg001 
2021-01-28 14:54:38,208 INFO  zjkhjg001登录成功 
2021-01-28 14:54:39,499 INFO  获取班级信息成功 
2021-01-28 14:58:03,033 WARN  Get version failed:未能找到路径“D:\ProjectGit\SignInApp\SignInApp\SignInApp\bin\Debug\upgrade\config.xml”的一部分。 
2021-01-28 14:58:04,814 INFO  zjkhjg001 
2021-01-28 14:58:05,181 INFO  zjkhjg001登录成功 
2021-01-28 14:58:07,252 INFO  获取班级信息成功 
2021-01-28 14:59:01,099 WARN  Get version failed:未能找到路径“D:\ProjectGit\SignInApp\SignInApp\SignInApp\bin\Debug\upgrade\config.xml”的一部分。 
2021-01-28 14:59:02,538 INFO  zjkhjg001 
2021-01-28 14:59:02,869 INFO  zjkhjg001登录成功 
2021-01-28 14:59:04,336 INFO  获取班级信息成功 
2021-01-28 14:59:11,900 INFO  获取班级信息成功 
2021-01-28 14:59:14,133 INFO  获取班级信息成功 
2021-01-28 14:59:16,357 INFO  获取班级信息成功 
2021-01-28 14:59:21,713 INFO  获取班级信息成功 
2021-01-28 14:59:25,391 INFO  获取班级信息成功 
2021-01-28 14:59:28,215 INFO  获取班级信息成功 
2021-01-28 14:59:30,468 INFO  获取班级信息成功 
2021-01-28 14:59:34,819 INFO  获取班级信息成功 
2021-01-28 14:59:36,908 INFO  获取班级信息成功 
2021-01-28 14:59:40,033 INFO  获取班级信息成功 
2021-01-28 14:59:42,473 INFO  获取班级信息成功 
2021-01-28 14:59:45,089 INFO  获取班级信息成功 
2021-01-28 14:59:54,771 INFO  获取班级信息成功 
2021-01-28 15:00:02,568 INFO  获取班级信息成功 
2021-01-28 15:02:06,217 WARN  Get version failed:未能找到路径“D:\ProjectGit\SignInApp\SignInApp\SignInApp\bin\Debug\upgrade\config.xml”的一部分。 
2021-01-28 15:02:07,782 INFO  zjkhjg001 
2021-01-28 15:02:08,113 INFO  zjkhjg001登录成功 
2021-01-28 15:02:09,323 INFO  获取班级信息成功 
2021-01-28 15:09:10,025 WARN  Get version failed:未能找到路径“D:\ProjectGit\SignInApp\SignInApp\SignInApp\bin\Debug\upgrade\config.xml”的一部分。 
2021-01-28 15:09:17,188 INFO  zjkhjg001 
2021-01-28 15:09:17,480 INFO  zjkhjg001登录成功 
2021-01-28 15:09:18,586 INFO  获取班级信息成功 
2021-01-28 15:12:52,373 WARN  Get version failed:未能找到路径“D:\ProjectGit\SignInApp\SignInApp\SignInApp\bin\Debug\upgrade\config.xml”的一部分。 
2021-01-28 15:12:53,962 INFO  zjkhjg001 
2021-01-28 15:12:54,275 INFO  zjkhjg001登录成功 
2021-01-28 15:12:55,696 INFO  获取班级信息成功 
2021-01-28 16:01:03,105 WARN  Get version failed:未能找到路径“D:\ProjectGit\SignInApp\SignInApp\SignInApp\bin\Debug\upgrade\config.xml”的一部分。 
2021-01-28 16:01:04,698 INFO  zjkhjg001 
2021-01-28 16:01:05,045 INFO  zjkhjg001登录成功 
2021-01-28 16:01:06,768 INFO  获取班级信息成功 
2021-01-28 16:01:06,897 INFO  获取课程信息成功 
2021-01-28 16:01:26,780 WARN  Get version failed:未能找到路径“D:\ProjectGit\SignInApp\SignInApp\SignInApp\bin\Debug\upgrade\config.xml”的一部分。 
2021-01-28 16:01:29,217 INFO  zjkhjg001 
2021-01-28 16:01:29,540 INFO  zjkhjg001登录成功 
2021-01-28 16:01:30,613 INFO  获取班级信息成功 
2021-01-28 16:01:30,683 INFO  获取课程信息成功 
2021-01-28 16:02:03,964 INFO  获取班级信息成功 
2021-01-28 16:02:03,995 INFO  获取课程信息成功 
2021-01-28 16:23:22,803 WARN  Get version failed:未能找到路径“D:\ProjectGit\SignInApp\SignInApp\SignInApp\bin\Debug\upgrade\config.xml”的一部分。 
2021-01-28 16:23:24,700 INFO  zjkhjg001 
2021-01-28 16:23:26,295 INFO  zjkhjg001登录成功 
2021-01-28 16:23:31,416 INFO  获取班级信息成功 
2021-01-28 16:23:31,572 INFO  获取课程信息成功 
2021-01-28 16:24:14,261 WARN  Get version failed:未能找到路径“D:\ProjectGit\SignInApp\SignInApp\SignInApp\bin\Debug\upgrade\config.xml”的一部分。 
2021-01-28 16:24:17,008 INFO  zjkhjg001 
2021-01-28 16:24:18,070 INFO  zjkhjg001登录成功 
2021-01-28 16:24:20,544 INFO  获取班级信息成功 
2021-01-28 16:24:20,590 INFO  获取课程信息成功 
2021-01-28 16:27:17,833 INFO  获取班级信息成功 
2021-01-28 16:27:17,862 INFO  获取课程信息成功 
2021-01-28 16:31:01,214 INFO  获取班级信息成功 
2021-01-28 16:31:01,239 INFO  获取课程信息成功 
2021-01-28 16:41:40,555 WARN  Get version failed:未能找到路径“D:\ProjectGit\SignInApp\SignInApp\SignInApp\bin\Debug\upgrade\config.xml”的一部分。 
2021-01-28 16:41:42,337 INFO  zjkhjg001 
2021-01-28 16:41:42,695 INFO  zjkhjg001登录成功 
2021-01-28 16:41:44,213 INFO  获取班级信息成功 
2021-01-28 16:41:44,262 INFO  获取课程信息成功 
2021-01-28 16:42:03,312 INFO  获取班级信息成功 
2021-01-28 16:42:03,336 INFO  获取课程信息成功 
2021-01-28 16:49:11,684 WARN  Get version failed:未能找到路径“D:\ProjectGit\SignInApp\SignInApp\SignInApp\bin\Debug\upgrade\config.xml”的一部分。 
2021-01-28 16:49:13,429 INFO  zjkhjg001 
2021-01-28 16:49:13,966 INFO  zjkhjg001登录成功 
2021-01-28 16:49:36,434 INFO  获取班级信息成功 
2021-01-28 16:49:36,483 INFO  获取课程信息成功 
2021-01-28 16:49:44,882 INFO  获取班级信息成功 
2021-01-28 16:49:44,916 INFO  获取课程信息成功 
2021-01-28 16:49:46,935 INFO  获取班级信息成功 
2021-01-28 16:49:46,964 INFO  获取课程信息成功 
2021-01-28 16:49:48,873 INFO  获取班级信息成功 
2021-01-28 16:49:48,897 INFO  获取课程信息成功 
2021-01-28 16:49:51,522 INFO  获取班级信息成功 
2021-01-28 16:49:51,559 INFO  获取课程信息成功 
2021-01-28 16:49:53,937 INFO  获取班级信息成功 
2021-01-28 16:49:53,963 INFO  获取课程信息成功 
2021-01-28 16:50:03,841 INFO  获取班级信息成功 
2021-01-28 16:50:03,873 INFO  获取课程信息成功 
2021-01-28 17:04:38,280 WARN  Get version failed:未能找到路径“D:\ProjectGit\SignInApp\SignInApp\SignInApp\bin\Debug\upgrade\config.xml”的一部分。 
2021-01-28 17:05:49,149 WARN  Get version failed:未能找到路径“D:\ProjectGit\SignInApp\SignInApp\SignInApp\bin\Debug\upgrade\config.xml”的一部分。 
2021-01-28 17:05:50,588 INFO  zjkhjg001 
2021-01-28 17:05:50,888 INFO  zjkhjg001登录成功 
2021-01-28 17:05:52,290 INFO  获取班级信息成功 
2021-01-28 17:05:52,319 INFO  获取课程信息成功 
2021-01-28 17:07:15,802 WARN  Get version failed:未能找到路径“D:\ProjectGit\SignInApp\SignInApp\SignInApp\bin\Debug\upgrade\config.xml”的一部分。 
2021-01-28 17:07:17,258 INFO  zjkhjg001 
2021-01-28 17:07:17,578 INFO  zjkhjg001登录成功 
2021-01-28 17:07:19,032 INFO  获取班级信息成功 
2021-01-28 17:07:19,068 INFO  获取课程信息成功 
2021-01-28 17:08:37,845 WARN  Get version failed:未能找到路径“D:\ProjectGit\SignInApp\SignInApp\SignInApp\bin\Debug\upgrade\config.xml”的一部分。 
2021-01-28 17:08:39,460 INFO  zjkhjg001 
2021-01-28 17:08:39,756 INFO  zjkhjg001登录成功 
2021-01-28 17:08:40,862 INFO  获取班级信息成功 
2021-01-28 17:08:40,901 INFO  获取课程信息成功 
2021-01-28 17:10:24,319 INFO  获取班级信息成功 
2021-01-28 17:10:24,347 INFO  获取课程信息成功 
2021-01-28 17:10:29,177 INFO  获取班级信息成功 
2021-01-28 17:10:29,205 INFO  获取课程信息成功 
2021-01-28 17:10:36,751 INFO  获取班级信息成功 
2021-01-28 17:10:36,782 INFO  获取课程信息成功 
2021-01-28 17:11:33,140 INFO  获取班级信息成功 
2021-01-28 17:11:33,164 INFO  获取课程信息成功 
2021-01-28 17:18:20,095 WARN  Get version failed:未能找到路径“D:\ProjectGit\SignInApp\SignInApp\SignInApp\bin\Debug\upgrade\config.xml”的一部分。 
2021-01-28 17:18:21,512 INFO  zjkhjg001 
2021-01-28 17:18:21,931 INFO  zjkhjg001登录成功 
2021-01-28 17:18:23,831 INFO  获取班级信息成功 
2021-01-28 17:18:23,869 INFO  获取课程信息成功 
2021-01-28 17:18:29,699 WARN  获取课程信息失败: data为空 
2021-01-28 17:18:33,443 WARN  获取课程信息失败: data为空 
2021-01-28 17:18:35,126 WARN  获取课程信息失败: data为空 
2021-01-28 17:19:23,135 WARN  Get version failed:未能找到路径“D:\ProjectGit\SignInApp\SignInApp\SignInApp\bin\Debug\upgrade\config.xml”的一部分。 
2021-01-28 17:19:24,592 INFO  zjkhjg001 
2021-01-28 17:19:24,863 INFO  zjkhjg001登录成功 
2021-01-28 17:19:25,825 INFO  获取班级信息成功 
2021-01-28 17:19:25,869 INFO  获取课程信息成功 
2021-01-28 17:19:26,710 WARN  获取课程信息失败: data为空 
2021-01-28 17:19:27,978 WARN  获取课程信息失败: data为空 
2021-01-28 17:19:28,537 WARN  获取课程信息失败: data为空 
2021-01-28 17:19:29,028 WARN  获取课程信息失败: data为空 
2021-01-28 17:19:29,404 WARN  获取课程信息失败: data为空 
2021-01-28 17:19:29,821 WARN  获取课程信息失败: data为空 
2021-01-28 17:19:30,182 WARN  获取课程信息失败: data为空 
2021-01-28 17:19:30,576 WARN  获取课程信息失败: data为空 
2021-01-28 17:19:31,490 WARN  获取课程信息失败: data为空 
2021-01-28 17:19:31,757 WARN  获取课程信息失败: data为空 
2021-01-28 17:19:32,023 WARN  获取课程信息失败: data为空 
2021-01-28 17:19:32,385 INFO  获取课程信息成功 
2021-01-28 17:19:32,751 WARN  获取课程信息失败: data为空 
2021-01-28 17:19:33,060 WARN  获取课程信息失败: data为空 
2021-01-28 17:19:33,354 WARN  获取课程信息失败: data为空 
2021-01-28 17:19:33,657 WARN  获取课程信息失败: data为空 
2021-01-28 17:19:33,969 WARN  获取课程信息失败: data为空 
2021-01-28 17:19:34,476 WARN  获取课程信息失败: data为空 
2021-01-28 17:19:34,743 WARN  获取课程信息失败: data为空 
2021-01-28 17:19:35,054 WARN  获取课程信息失败: data为空 
2021-01-28 17:19:35,288 WARN  获取课程信息失败: data为空 
2021-01-28 17:19:35,567 INFO  获取课程信息成功 
2021-01-28 17:19:42,615 WARN  获取课程信息失败: data为空 
2021-01-28 17:19:43,335 INFO  获取课程信息成功 
2021-01-28 17:22:46,796 WARN  Get version failed:未能找到路径“D:\ProjectGit\SignInApp\SignInApp\SignInApp\bin\Debug\upgrade\config.xml”的一部分。 
2021-01-28 17:22:48,773 INFO  zjkhjg001 
2021-01-28 17:22:49,051 INFO  zjkhjg001登录成功 
2021-01-28 17:22:50,215 INFO  获取班级信息成功 
2021-01-28 17:22:50,248 INFO  获取课程信息成功 
2021-01-28 17:22:51,048 WARN  获取课程信息失败: data为空 
2021-01-28 17:22:51,941 WARN  获取课程信息失败: data为空 
2021-01-28 17:22:52,415 WARN  获取课程信息失败: data为空 
2021-01-28 17:22:52,992 WARN  获取课程信息失败: data为空 
2021-01-28 17:22:53,491 WARN  获取课程信息失败: data为空 
2021-01-28 17:22:53,933 WARN  获取课程信息失败: data为空 
2021-01-28 17:22:54,309 WARN  获取课程信息失败: data为空 
2021-01-28 17:22:56,152 WARN  获取课程信息失败: data为空 
2021-01-28 17:22:56,507 WARN  获取课程信息失败: data为空 
2021-01-28 17:22:56,763 WARN  获取课程信息失败: data为空 
2021-01-28 17:22:57,006 WARN  获取课程信息失败: data为空 
2021-01-28 17:22:57,256 INFO  获取课程信息成功 
2021-01-28 17:29:43,435 WARN  Get version failed:未能找到路径“D:\ProjectGit\SignInApp\SignInApp\SignInApp\bin\Debug\upgrade\config.xml”的一部分。 
2021-01-28 17:29:45,127 INFO  zjkhjg001 
2021-01-28 17:29:45,568 INFO  zjkhjg001登录成功 
2021-01-28 17:29:46,863 INFO  获取班级信息成功 
2021-01-28 17:29:46,902 INFO  获取课程信息成功 
2021-01-28 17:29:47,959 WARN  获取课程信息失败: data为空 
2021-01-28 17:29:48,726 WARN  获取课程信息失败: data为空 
2021-01-28 17:29:49,282 WARN  获取课程信息失败: data为空 
2021-01-28 17:29:49,700 WARN  获取课程信息失败: data为空 
2021-01-28 17:29:50,230 WARN  获取课程信息失败: data为空 
2021-01-28 17:29:50,666 WARN  获取课程信息失败: data为空 
2021-01-28 17:29:51,087 WARN  获取课程信息失败: data为空 
2021-01-28 17:29:51,864 INFO  获取课程信息成功 
2021-01-28 17:29:52,855 WARN  获取课程信息失败: data为空 
2021-01-28 17:29:53,445 WARN  获取课程信息失败: data为空 
2021-01-28 17:29:53,884 WARN  获取课程信息失败: data为空 
2021-01-28 17:29:54,215 WARN  获取课程信息失败: data为空 
2021-01-28 17:29:54,521 WARN  获取课程信息失败: data为空 
2021-01-28 17:29:54,834 WARN  获取课程信息失败: data为空 
2021-01-28 17:29:55,410 WARN  获取课程信息失败: data为空 
2021-01-28 17:29:55,700 WARN  获取课程信息失败: data为空 
2021-01-28 17:29:55,984 WARN  获取课程信息失败: data为空 
2021-01-28 17:29:56,296 WARN  获取课程信息失败: data为空 
2021-01-28 17:29:56,584 WARN  获取课程信息失败: data为空 
2021-01-28 17:29:56,879 WARN  获取课程信息失败: data为空 
2021-01-28 17:29:57,218 WARN  获取课程信息失败: data为空 
2021-01-28 17:29:57,965 INFO  获取课程信息成功 
2021-01-28 17:29:58,562 WARN  获取课程信息失败: data为空 
2021-01-28 17:29:58,912 WARN  获取课程信息失败: data为空 
2021-01-28 17:29:59,279 WARN  获取课程信息失败: data为空 
2021-01-28 17:29:59,630 WARN  获取课程信息失败: data为空 
2021-01-28 17:29:59,978 WARN  获取课程信息失败: data为空 
2021-01-28 17:30:00,343 WARN  获取课程信息失败: data为空 
2021-01-28 17:30:00,834 WARN  获取课程信息失败: data为空 
2021-01-28 17:30:01,082 WARN  获取课程信息失败: data为空 
2021-01-28 17:30:01,359 WARN  获取课程信息失败: data为空 
2021-01-28 17:30:01,872 WARN  获取课程信息失败: data为空 
2021-01-28 17:30:02,199 WARN  获取课程信息失败: data为空 
2021-01-28 17:30:02,553 INFO  获取课程信息成功 
2021-01-28 17:30:42,466 WARN  获取课程信息失败: data为空 
2021-01-28 17:30:42,706 INFO  获取课程信息成功 
2021-01-28 17:30:43,635 WARN  获取课程信息失败: data为空 
2021-01-28 17:30:44,999 WARN  获取课程信息失败: data为空 
2021-01-28 17:30:45,983 WARN  获取课程信息失败: data为空 
2021-01-28 17:30:46,440 WARN  获取课程信息失败: data为空 
2021-01-28 17:30:46,788 WARN  获取课程信息失败: data为空 
2021-01-28 17:30:47,256 WARN  获取课程信息失败: data为空 
2021-01-28 17:30:47,525 WARN  获取课程信息失败: data为空 
2021-01-28 17:30:47,821 WARN  获取课程信息失败: data为空 
2021-01-28 17:30:48,035 INFO  获取课程信息成功 
2021-01-28 17:30:48,617 WARN  获取课程信息失败: data为空 
2021-01-28 17:30:48,891 WARN  获取课程信息失败: data为空 
2021-01-28 17:30:49,192 WARN  获取课程信息失败: data为空 
2021-01-28 17:30:49,538 WARN  获取课程信息失败: data为空 
2021-01-28 17:30:49,791 INFO  获取课程信息成功 
2021-01-28 17:30:53,159 WARN  获取课程信息失败: data为空 
2021-01-28 17:30:53,647 INFO  获取课程信息成功 
2021-01-28 17:30:55,183 WARN  获取课程信息失败: data为空 
2021-01-28 17:30:55,602 INFO  获取课程信息成功 
2021-01-28 17:30:56,846 WARN  获取课程信息失败: data为空 
2021-01-28 17:30:57,596 INFO  获取课程信息成功 
2021-01-28 17:31:58,881 WARN  获取课程信息失败: data为空 
2021-01-28 17:31:59,344 WARN  获取课程信息失败: data为空 
2021-01-28 17:31:59,700 WARN  获取课程信息失败: data为空 
2021-01-28 17:32:00,009 WARN  获取课程信息失败: data为空 
2021-01-28 17:32:00,352 WARN  获取课程信息失败: data为空 
2021-01-28 17:32:00,665 WARN  获取课程信息失败: data为空 
2021-01-28 17:32:01,089 WARN  获取课程信息失败: data为空 
2021-01-28 17:32:01,379 WARN  获取课程信息失败: data为空 
2021-01-28 17:32:01,568 WARN  获取课程信息失败: data为空 
2021-01-28 17:32:01,883 WARN  获取课程信息失败: data为空 
2021-01-28 17:32:02,206 WARN  获取课程信息失败: data为空 
2021-01-28 17:32:02,496 INFO  获取课程信息成功 
2021-01-28 17:32:03,033 WARN  获取课程信息失败: data为空 
2021-01-28 17:32:03,342 WARN  获取课程信息失败: data为空 
2021-01-28 17:32:03,828 WARN  获取课程信息失败: data为空 
2021-01-28 17:32:04,133 WARN  获取课程信息失败: data为空 
2021-01-28 17:32:04,458 WARN  获取课程信息失败: data为空 
2021-01-28 17:32:04,853 WARN  获取课程信息失败: data为空 
2021-01-28 17:32:05,125 WARN  获取课程信息失败: data为空 
2021-01-28 17:32:05,415 WARN  获取课程信息失败: data为空 
2021-01-28 17:32:05,686 WARN  获取课程信息失败: data为空 
2021-01-28 17:32:06,033 WARN  获取课程信息失败: data为空 
2021-01-28 17:32:06,416 WARN  获取课程信息失败: data为空 
2021-01-28 17:32:06,701 INFO  获取课程信息成功 
2021-01-28 17:32:07,048 WARN  获取课程信息失败: data为空 
2021-01-28 17:32:07,322 WARN  获取课程信息失败: data为空 
2021-01-28 17:32:07,602 WARN  获取课程信息失败: data为空 
2021-01-28 17:32:07,892 WARN  获取课程信息失败: data为空 
2021-01-28 17:32:08,284 WARN  获取课程信息失败: data为空 
2021-01-28 17:32:08,761 WARN  获取课程信息失败: data为空 
2021-01-28 17:32:09,020 WARN  获取课程信息失败: data为空 
2021-01-28 17:32:09,368 WARN  获取课程信息失败: data为空 
2021-01-28 17:32:09,837 WARN  获取课程信息失败: data为空 
2021-01-28 17:32:10,344 WARN  获取课程信息失败: data为空 
2021-01-28 17:32:10,602 WARN  获取课程信息失败: data为空 
2021-01-28 17:32:10,866 INFO  获取课程信息成功 
2021-01-28 17:32:13,009 WARN  获取课程信息失败: data为空 
2021-01-28 17:32:13,437 WARN  获取课程信息失败: data为空 
2021-01-28 17:32:13,781 WARN  获取课程信息失败: data为空 
2021-01-28 17:32:49,744 INFO  获取课程信息成功 
2021-01-28 17:32:52,889 WARN  获取课程信息失败: data为空 
2021-01-28 17:32:53,261 WARN  获取课程信息失败: data为空 
2021-01-28 17:32:53,548 WARN  获取课程信息失败: data为空 
2021-01-28 17:32:53,863 WARN  获取课程信息失败: data为空 
2021-01-28 17:32:54,172 WARN  获取课程信息失败: data为空 
2021-01-28 17:32:54,493 WARN  获取课程信息失败: data为空 
2021-01-28 17:33:14,298 INFO  获取课程信息成功 
2021-01-28 17:33:14,693 WARN  获取课程信息失败: data为空 
2021-01-28 17:33:15,037 WARN  获取课程信息失败: data为空 
2021-01-28 17:33:15,415 WARN  获取课程信息失败: data为空 
2021-01-28 17:33:15,790 WARN  获取课程信息失败: data为空 
2021-01-28 17:33:16,147 WARN  获取课程信息失败: data为空 
2021-01-28 17:33:16,603 WARN  获取课程信息失败: data为空 
2021-01-28 17:33:16,908 WARN  获取课程信息失败: data为空 
2021-01-28 17:33:17,162 WARN  获取课程信息失败: data为空 
2021-01-28 17:33:17,418 WARN  获取课程信息失败: data为空 
2021-01-28 17:33:17,698 WARN  获取课程信息失败: data为空 
2021-01-28 17:33:17,966 WARN  获取课程信息失败: data为空 
2021-01-28 17:33:18,285 INFO  获取课程信息成功 
2021-01-28 17:33:18,758 WARN  获取课程信息失败: data为空 
2021-01-28 17:33:19,093 WARN  获取课程信息失败: data为空 
2021-01-28 17:33:19,442 WARN  获取课程信息失败: data为空 
2021-01-28 17:33:19,780 WARN  获取课程信息失败: data为空 
2021-01-28 17:33:20,099 WARN  获取课程信息失败: data为空 
2021-01-28 17:34:13,155 INFO  获取班级信息成功 
2021-01-28 17:34:13,185 INFO  获取课程信息成功 
2021-01-28 17:34:14,555 WARN  获取课程信息失败: data为空 
2021-01-28 17:34:14,886 WARN  获取课程信息失败: data为空 
2021-01-28 17:34:15,208 WARN  获取课程信息失败: data为空 
2021-01-28 17:34:45,415 INFO  获取课程信息成功 
2021-01-28 17:34:45,852 WARN  获取课程信息失败: data为空 
2021-01-28 17:34:46,219 WARN  获取课程信息失败: data为空 
2021-01-28 17:34:46,506 INFO  获取课程信息成功 
2021-01-28 17:34:46,821 WARN  获取课程信息失败: data为空 
2021-01-28 17:34:47,117 WARN  获取课程信息失败: data为空 
2021-01-28 17:34:47,395 WARN  获取课程信息失败: data为空 
2021-01-28 17:34:47,664 WARN  获取课程信息失败: data为空 
2021-01-28 17:34:47,957 WARN  获取课程信息失败: data为空 
2021-01-28 17:34:48,236 WARN  获取课程信息失败: data为空 
2021-01-28 17:34:48,590 WARN  获取课程信息失败: data为空 
2021-01-28 17:34:48,881 WARN  获取课程信息失败: data为空 
2021-01-28 17:34:49,122 WARN  获取课程信息失败: data为空 
2021-01-28 17:34:49,468 WARN  获取课程信息失败: data为空 
2021-01-28 17:34:49,802 WARN  获取课程信息失败: data为空 
2021-01-28 17:34:50,117 WARN  获取课程信息失败: data为空 
2021-01-28 17:34:50,930 INFO  获取课程信息成功 
2021-01-28 17:34:54,602 WARN  获取课程信息失败: data为空 
2021-01-28 17:34:55,015 WARN  获取课程信息失败: data为空 
2021-01-28 17:34:55,362 WARN  获取课程信息失败: data为空 
2021-01-28 17:34:55,853 WARN  获取课程信息失败: data为空 
2021-01-28 17:34:56,140 WARN  获取课程信息失败: data为空 
2021-01-28 17:34:56,490 WARN  获取课程信息失败: data为空 
2021-01-28 17:34:56,885 WARN  获取课程信息失败: data为空 
2021-01-28 17:34:57,128 WARN  获取课程信息失败: data为空 
2021-01-28 17:34:57,482 WARN  获取课程信息失败: data为空 
2021-01-28 17:34:57,775 WARN  获取课程信息失败: data为空 
2021-01-28 17:34:58,120 WARN  获取课程信息失败: data为空 
2021-01-28 17:34:58,319 WARN  获取课程信息失败: data为空 
2021-01-28 17:34:58,735 WARN  获取课程信息失败: data为空 
2021-01-28 17:34:58,759 WARN  获取课程信息失败: data为空 
2021-01-28 17:34:59,612 INFO  获取课程信息成功 
2021-01-28 17:34:59,756 WARN  获取课程信息失败: data为空 
2021-01-28 17:35:00,032 WARN  获取课程信息失败: data为空 
2021-01-28 17:35:00,330 WARN  获取课程信息失败: data为空 
2021-01-28 17:35:00,601 WARN  获取课程信息失败: data为空 
2021-01-28 17:35:01,887 WARN  获取课程信息失败: data为空 
2021-01-28 17:35:45,347 INFO  获取班级信息成功 
2021-01-28 17:35:45,395 INFO  获取课程信息成功 
2021-01-28 17:35:53,087 WARN  远程服务器返回错误: (500) 内部服务器错误。 
2021-01-28 17:35:54,314 WARN  获取课程信息失败: data为空 
2021-01-28 17:35:54,875 WARN  获取课程信息失败: data为空 
2021-01-28 17:35:55,496 INFO  获取课程信息成功 
2021-01-28 17:36:00,500 WARN  远程服务器返回错误: (500) 内部服务器错误。 
2021-01-28 17:36:22,618 WARN  获取课程信息失败: data为空 
2021-01-28 17:36:35,497 WARN  远程服务器返回错误: (500) 内部服务器错误。 
2021-01-28 17:36:35,889 WARN  获取课程信息失败: data为空 
2021-01-28 17:36:39,714 WARN  远程服务器返回错误: (500) 内部服务器错误。 
2021-01-28 17:36:56,476 INFO  获取课程信息成功 
2021-01-28 17:37:49,595 WARN  远程服务器返回错误: (500) 内部服务器错误。 
2021-01-28 17:37:56,130 WARN  获取课程信息失败: data为空 
2021-01-28 17:38:18,938 WARN  远程服务器返回错误: (500) 内部服务器错误。 
2021-01-28 17:38:25,196 INFO  获取课程信息成功 
2021-01-28 17:38:26,310 WARN  获取课程信息失败: data为空 
2021-01-28 17:45:09,777 WARN  Get version failed:未能找到路径“D:\ProjectGit\SignInApp\SignInApp\SignInApp\bin\Debug\upgrade\config.xml”的一部分。 
2021-01-28 17:45:11,854 INFO  zjkhjg001 
2021-01-28 17:45:12,160 INFO  zjkhjg001登录成功 
2021-01-28 17:45:13,623 INFO  获取班级信息成功 
2021-01-28 17:45:16,210 WARN  远程服务器返回错误: (500) 内部服务器错误。 
2021-01-28 17:45:20,745 WARN  远程服务器返回错误: (500) 内部服务器错误。 
2021-01-28 17:45:21,007 WARN  获取课程信息失败: data为空 
2021-01-28 17:45:22,397 WARN  获取课程信息失败: data为空 
2021-01-28 17:45:24,289 WARN  远程服务器返回错误: (500) 内部服务器错误。 
2021-01-28 17:45:24,781 WARN  获取课程信息失败: data为空 
2021-01-28 17:45:26,815 WARN  远程服务器返回错误: (500) 内部服务器错误。 
2021-01-28 17:48:49,345 WARN  Get version failed:未能找到路径“D:\ProjectGit\SignInApp\SignInApp\SignInApp\bin\Debug\upgrade\config.xml”的一部分。 
2021-01-28 17:48:50,952 INFO  zjkhjg001 
2021-01-28 17:48:58,942 INFO  zjkhjg001登录成功 
2021-01-28 17:49:03,245 INFO  获取班级信息成功 
2021-01-28 17:49:03,287 INFO  获取课程信息成功 
2021-01-28 17:49:04,721 INFO  获取课程信息成功 
2021-01-28 17:49:05,745 WARN  获取课程信息失败: data为空 
2021-01-28 17:49:06,526 WARN  获取课程信息失败: data为空 
2021-01-28 17:49:07,041 WARN  获取课程信息失败: data为空 
2021-01-28 17:49:07,541 WARN  获取课程信息失败: data为空 
2021-01-28 17:49:07,992 WARN  获取课程信息失败: data为空 
2021-01-28 17:49:08,429 WARN  获取课程信息失败: data为空 
2021-01-28 17:49:09,144 INFO  获取课程信息成功 
2021-01-28 17:49:10,818 INFO  获取课程信息成功 
2021-01-28 17:49:12,326 INFO  获取课程信息成功 
2021-01-28 17:49:13,161 INFO  获取课程信息成功 
2021-01-28 17:49:13,619 INFO  获取课程信息成功 
2021-01-28 17:49:14,033 INFO  获取课程信息成功 
2021-01-28 17:49:15,324 INFO  获取课程信息成功 
2021-01-28 17:49:16,185 INFO  获取课程信息成功 
2021-01-28 17:49:17,172 INFO  获取课程信息成功 
2021-01-28 17:49:18,268 INFO  获取课程信息成功 
2021-01-28 17:49:22,789 INFO  获取班级信息成功 
2021-01-28 17:49:22,809 INFO  获取课程信息成功 
2021-01-28 17:49:23,883 INFO  获取课程信息成功 
2021-01-28 17:49:27,444 INFO  获取班级信息成功 
2021-01-28 17:49:27,478 INFO  获取课程信息成功 
2021-01-28 17:49:46,174 INFO  获取班级信息成功 
2021-01-28 17:49:46,198 INFO  获取课程信息成功 
2021-01-28 17:49:47,127 INFO  获取课程信息成功 
2021-01-28 17:49:52,787 INFO  获取班级信息成功 
2021-01-28 17:49:52,814 INFO  获取课程信息成功 
2021-01-28 17:49:54,033 INFO  获取课程信息成功 
2021-01-28 17:50:25,445 INFO  获取班级信息成功 
2021-01-28 17:50:25,475 INFO  获取课程信息成功 
2021-01-28 17:50:27,249 INFO  获取课程信息成功 
2021-01-28 17:50:27,789 INFO  获取课程信息成功 
2021-01-28 17:50:28,149 INFO  获取课程信息成功 
2021-01-28 17:50:28,461 WARN  获取课程信息失败: data为空 
2021-01-28 17:50:28,890 WARN  获取课程信息失败: data为空 
2021-01-28 17:50:29,287 WARN  获取课程信息失败: data为空 
2021-01-28 17:50:29,627 WARN  获取课程信息失败: data为空 
2021-01-28 17:50:30,000 WARN  获取课程信息失败: data为空 
2021-01-28 17:50:30,317 WARN  获取课程信息失败: data为空 
2021-01-28 17:50:30,668 INFO  获取课程信息成功 
2021-01-28 17:50:31,060 INFO  获取课程信息成功 
2021-01-28 17:50:31,499 INFO  获取课程信息成功 
2021-01-28 17:52:09,023 WARN  Get version failed:未能找到路径“D:\ProjectGit\SignInApp\SignInApp\SignInApp\bin\Debug\upgrade\config.xml”的一部分。 
2021-01-28 17:52:12,728 INFO  zjkhjg001 
2021-01-28 17:52:13,012 INFO  zjkhjg001登录成功 
2021-01-28 17:52:14,542 INFO  获取班级信息成功 
2021-01-28 17:52:14,580 INFO  获取课程信息成功 
2021-01-28 17:52:19,225 INFO  获取班级信息成功 
2021-01-28 17:52:19,267 INFO  获取课程信息成功 
2021-01-28 17:52:20,309 INFO  获取课程信息成功 
2021-01-28 17:53:34,140 INFO  获取班级信息成功 
2021-01-28 17:53:34,186 INFO  获取课程信息成功 
2021-01-28 17:53:35,003 INFO  获取课程信息成功 
2021-01-28 17:55:56,680 WARN  Get version failed:未能找到路径“D:\ProjectGit\SignInApp\SignInApp\SignInApp\bin\Debug\upgrade\config.xml”的一部分。 
2021-01-28 17:55:58,206 INFO  zjkhjg001 
2021-01-28 17:55:58,585 INFO  zjkhjg001登录成功 
2021-01-28 17:56:00,197 INFO  获取班级信息成功 
2021-01-28 17:56:00,242 INFO  获取课程信息成功 
2021-01-28 17:56:05,248 INFO  获取班级信息成功 
2021-01-28 17:56:05,269 INFO  获取课程信息成功 
2021-01-28 17:56:06,462 INFO  获取课程信息成功 
2021-01-28 17:56:10,538 INFO  获取班级信息成功 
2021-01-28 17:56:10,564 INFO  获取课程信息成功 
2021-01-28 17:56:43,076 INFO  获取班级信息成功 
2021-01-28 17:56:43,128 INFO  获取课程信息成功 
2021-01-28 17:56:44,560 INFO  获取课程信息成功 
2021-01-28 17:56:50,214 INFO  获取班级信息成功 
2021-01-28 17:56:50,235 INFO  获取课程信息成功 
2021-01-28 17:56:51,380 INFO  获取课程信息成功 
2021-01-28 17:56:54,527 INFO  获取课程信息成功 
2021-01-28 17:56:55,869 INFO  获取课程信息成功 
2021-01-28 17:56:56,988 INFO  获取课程信息成功 
2021-01-28 17:56:57,590 INFO  获取课程信息成功 
2021-01-28 17:56:58,117 INFO  获取课程信息成功 
2021-01-28 17:56:58,497 INFO  获取课程信息成功 
2021-01-28 17:56:58,886 INFO  获取课程信息成功 
2021-01-28 17:56:59,249 INFO  获取课程信息成功 
2021-01-28 17:56:59,624 INFO  获取课程信息成功 
2021-01-28 17:57:00,026 INFO  获取课程信息成功 
2021-01-28 17:57:00,385 INFO  获取课程信息成功 
2021-01-28 17:57:00,764 INFO  获取课程信息成功 
2021-01-28 17:57:01,199 INFO  获取课程信息成功 
2021-01-28 17:57:01,557 INFO  获取课程信息成功 
2021-01-28 17:57:35,097 INFO  获取班级信息成功 
2021-01-28 17:57:35,125 INFO  获取课程信息成功 
2021-01-28 17:57:39,334 INFO  获取班级信息成功 
2021-01-28 17:57:39,360 INFO  获取课程信息成功 
2021-01-28 17:57:40,165 INFO  获取课程信息成功 
2021-01-28 17:57:40,502 WARN  获取课程信息失败: data为空 
2021-01-28 17:57:55,890 INFO  获取班级信息成功 
2021-01-28 17:57:55,917 INFO  获取课程信息成功 
2021-01-28 17:57:57,201 WARN  获取课程信息失败: data为空 
2021-01-28 17:57:57,621 WARN  获取课程信息失败: data为空 
2021-01-28 17:57:58,018 WARN  获取课程信息失败: data为空 
2021-01-28 17:57:58,334 WARN  获取课程信息失败: data为空 
2021-01-28 17:57:58,703 WARN  获取课程信息失败: data为空 
2021-01-28 17:57:58,980 WARN  获取课程信息失败: data为空 
2021-01-28 17:57:59,392 WARN  获取课程信息失败: data为空 
2021-01-28 17:57:59,702 WARN  获取课程信息失败: data为空 
2021-01-28 17:58:00,043 WARN  获取课程信息失败: data为空 
2021-01-28 17:58:00,341 WARN  获取课程信息失败: data为空 
2021-01-28 17:58:00,639 WARN  获取课程信息失败: data为空 
2021-01-28 17:58:00,853 WARN  获取课程信息失败: data为空 
2021-01-28 17:58:01,092 INFO  获取课程信息成功 
2021-01-28 17:58:03,402 INFO  获取班级信息成功 
2021-01-28 17:58:03,449 INFO  获取课程信息成功 
2021-01-28 17:58:05,795 INFO  获取班级信息成功 
2021-01-28 17:58:05,819 INFO  获取课程信息成功 
2021-01-28 17:58:06,935 INFO  获取课程信息成功 
2021-01-28 17:58:08,244 WARN  获取课程信息失败: data为空 
2021-01-28 17:58:08,605 WARN  获取课程信息失败: data为空 
2021-01-28 17:58:16,187 INFO  获取班级信息成功 
2021-01-28 17:58:16,212 INFO  获取课程信息成功 
2021-01-28 17:58:17,195 INFO  获取课程信息成功 
2021-01-28 17:58:24,631 INFO  获取班级信息成功 
2021-01-28 17:58:24,655 INFO  获取课程信息成功 
2021-01-28 17:58:25,777 INFO  获取课程信息成功 
2021-01-28 17:58:38,802 INFO  获取班级信息成功 
2021-01-28 17:58:38,829 INFO  获取课程信息成功 
2021-01-28 17:58:40,198 INFO  获取课程信息成功 
2021-01-28 17:58:40,560 WARN  获取课程信息失败: data为空 
2021-01-28 17:58:40,866 WARN  获取课程信息失败: data为空 
2021-01-28 17:58:41,173 WARN  获取课程信息失败: data为空 
2021-01-28 17:58:41,448 WARN  获取课程信息失败: data为空 
2021-01-28 17:58:41,771 WARN  获取课程信息失败: data为空 
2021-01-28 17:58:42,267 INFO  获取课程信息成功 
2021-01-28 17:58:42,534 INFO  获取课程信息成功 
2021-01-28 17:58:50,249 INFO  获取班级信息成功 
2021-01-28 17:58:50,274 INFO  获取课程信息成功 
2021-01-28 17:58:51,250 INFO  获取课程信息成功 
2021-01-28 17:58:51,636 WARN  获取课程信息失败: data为空 
2021-01-28 17:59:42,555 INFO  获取班级信息成功 
2021-01-28 17:59:42,581 INFO  获取课程信息成功 
2021-01-28 18:01:48,733 WARN  Get version failed:未能找到路径“D:\ProjectGit\SignInApp\SignInApp\SignInApp\bin\Debug\upgrade\config.xml”的一部分。 
2021-01-28 18:01:50,240 INFO  zjkhjg001 
2021-01-28 18:01:50,683 INFO  zjkhjg001登录成功 
2021-01-28 18:01:51,845 INFO  获取班级信息成功 
2021-01-28 18:01:51,877 INFO  获取课程信息成功 
2021-01-28 18:01:58,883 INFO  获取班级信息成功 
2021-01-28 18:01:58,908 INFO  获取课程信息成功 
2021-01-28 18:10:35,896 WARN  Get version failed:未能找到路径“D:\ProjectGit\SignInApp\SignInApp\SignInApp\bin\Debug\upgrade\config.xml”的一部分。 
2021-01-28 18:10:37,536 INFO  zjkhjg001 
2021-01-28 18:10:37,830 INFO  zjkhjg001登录成功 
2021-01-28 18:10:39,179 INFO  获取班级信息成功 
2021-01-28 18:10:39,218 INFO  获取课程信息成功 
2021-01-28 18:10:54,271 INFO  获取班级信息成功 
2021-01-28 18:10:54,322 INFO  获取课程信息成功 
2021-01-28 18:12:30,289 WARN  Get version failed:未能找到路径“D:\ProjectGit\SignInApp\SignInApp\SignInApp\bin\Debug\upgrade\config.xml”的一部分。 
2021-01-28 18:12:32,120 INFO  zjkhjg001 
2021-01-28 18:12:32,413 INFO  zjkhjg001登录成功 
2021-01-28 18:12:33,486 INFO  获取班级信息成功 
2021-01-28 18:12:33,514 INFO  获取课程信息成功 
2021-01-28 18:12:37,402 INFO  获取班级信息成功 
2021-01-28 18:12:45,041 INFO  获取班级信息成功 
2021-01-28 18:16:47,856 WARN  Get version failed:未能找到路径“D:\ProjectGit\SignInApp\SignInApp\SignInApp\bin\Debug\upgrade\config.xml”的一部分。 
2021-01-28 18:16:49,374 INFO  zjkhjg001 
2021-01-28 18:16:49,680 INFO  zjkhjg001登录成功 
2021-01-28 18:16:50,902 INFO  获取班级信息成功 
2021-01-28 18:16:50,931 INFO  获取课程信息成功 
2021-01-28 18:17:45,283 WARN  Get version failed:未能找到路径“D:\ProjectGit\SignInApp\SignInApp\SignInApp\bin\Debug\upgrade\config.xml”的一部分。 
2021-01-28 18:17:46,709 INFO  zjkhjg001 
2021-01-28 18:17:46,986 INFO  zjkhjg001登录成功 
2021-01-28 18:17:48,529 INFO  获取班级信息成功 
2021-01-28 18:17:48,562 INFO  获取课程信息成功 
2021-01-28 18:17:51,514 INFO  获取班级信息成功 
2021-01-28 18:18:50,090 WARN  获取班级信息失败: data为空 
2021-01-28 18:19:00,634 INFO  获取班级信息成功 
2021-01-28 18:19:05,479 INFO  获取课程信息成功 
2021-01-28 18:19:12,086 INFO  获取班级信息成功 
2021-01-28 18:19:12,118 INFO  获取课程信息成功 
2021-01-28 18:19:21,201 INFO  获取班级信息成功 
2021-01-28 18:19:23,194 INFO  获取课程信息成功 
2021-01-28 18:19:23,572 INFO  获取课程信息成功 
2021-01-28 18:19:26,209 INFO  获取班级信息成功 
2021-01-28 18:19:28,076 INFO  获取课程信息成功 
2021-01-28 18:19:29,149 WARN  获取课程信息失败: data为空 
2021-01-28 18:19:29,649 WARN  获取课程信息失败: data为空 
2021-01-28 18:19:30,064 WARN  获取课程信息失败: data为空 
2021-01-28 18:19:30,387 WARN  获取课程信息失败: data为空 
2021-01-28 18:19:30,777 WARN  获取课程信息失败: data为空 
2021-01-28 18:19:31,252 WARN  获取课程信息失败: data为空 
2021-01-28 18:19:31,935 INFO  获取课程信息成功 
2021-01-28 18:19:32,206 INFO  获取课程信息成功 
2021-01-28 18:19:32,807 INFO  获取课程信息成功 
2021-01-28 18:19:33,365 WARN  获取课程信息失败: data为空 
2021-01-28 18:19:33,646 INFO  获取课程信息成功 
2021-01-28 18:19:33,979 INFO  获取课程信息成功 
2021-01-28 18:19:34,273 INFO  获取课程信息成功 
2021-01-28 18:19:34,587 WARN  获取课程信息失败: data为空 
2021-01-28 18:19:34,967 WARN  获取课程信息失败: data为空 
2021-01-28 18:19:35,266 WARN  获取课程信息失败: data为空 
2021-01-28 18:19:35,513 WARN  获取课程信息失败: data为空 
2021-01-28 18:19:35,782 INFO  获取课程信息成功 
2021-01-28 18:19:46,035 INFO  获取班级信息成功 
2021-01-28 18:19:46,061 INFO  获取课程信息成功 
2021-01-28 18:19:53,323 INFO  获取课程信息成功 
2021-01-28 18:19:53,931 WARN  获取课程信息失败: data为空 
2021-01-28 18:19:54,929 INFO  获取课程信息成功 
2021-01-28 18:19:55,675 INFO  获取课程信息成功 
2021-01-28 18:19:59,121 INFO  获取班级信息成功 
2021-01-28 18:19:59,159 INFO  获取课程信息成功 
2021-01-28 18:19:59,941 INFO  获取课程信息成功 
2021-01-28 18:20:00,485 WARN  获取课程信息失败: data为空 
2021-01-28 18:20:00,977 WARN  获取课程信息失败: data为空 
2021-01-28 18:20:06,120 INFO  获取班级信息成功 
2021-01-28 18:20:06,136 INFO  获取课程信息成功 
2021-01-28 18:20:08,236 INFO  获取课程信息成功 
2021-01-28 18:20:12,434 INFO  获取班级信息成功 
2021-01-28 18:20:12,460 INFO  获取课程信息成功 
2021-01-28 18:20:13,528 INFO  获取课程信息成功 
2021-01-28 18:20:14,223 WARN  获取课程信息失败: data为空 
2021-01-28 18:20:14,642 WARN  获取课程信息失败: data为空 
2021-01-28 18:20:14,964 WARN  获取课程信息失败: data为空 
2021-01-28 18:20:15,373 WARN  获取课程信息失败: data为空 
2021-01-28 18:20:15,635 WARN  获取课程信息失败: data为空 
2021-01-28 18:20:15,929 WARN  获取课程信息失败: data为空 
2021-01-28 18:20:16,311 WARN  获取课程信息失败: data为空 
2021-01-28 18:20:16,590 WARN  获取课程信息失败: data为空 
2021-01-28 18:20:16,848 INFO  获取课程信息成功 
2021-01-28 18:20:17,232 INFO  获取课程信息成功 
2021-01-28 18:20:18,241 INFO  获取课程信息成功 
2021-01-28 18:34:48,749 WARN  Get version failed:未能找到路径“D:\ProjectGit\SignInApp\SignInApp\SignInApp\bin\Debug\upgrade\config.xml”的一部分。 
2021-01-28 18:34:50,524 INFO  zjkhjg001 
2021-01-28 18:34:50,815 INFO  zjkhjg001登录成功 
2021-01-28 18:34:54,059 INFO  获取班级信息成功 
2021-01-28 18:34:54,098 INFO  获取课程信息成功 
2021-01-28 18:34:56,277 INFO  获取课程信息成功 
2021-01-28 18:35:02,726 INFO  获取班级信息成功 
2021-01-28 18:35:02,750 INFO  获取课程信息成功 
2021-01-28 18:35:03,823 INFO  获取课程信息成功 
2021-01-28 18:35:04,308 WARN  获取课程信息失败: data为空 
2021-01-28 18:35:04,620 WARN  获取课程信息失败: data为空 
2021-01-28 18:35:04,934 WARN  获取课程信息失败: data为空 
2021-01-28 18:35:05,256 WARN  获取课程信息失败: data为空 
2021-01-28 18:35:05,548 WARN  获取课程信息失败: data为空 
2021-01-28 18:35:06,180 WARN  获取课程信息失败: data为空 
2021-01-28 18:35:06,512 INFO  获取课程信息成功 
2021-01-28 18:35:06,812 INFO  获取课程信息成功 
2021-01-28 18:35:19,813 INFO  获取班级信息成功 
2021-01-28 18:35:19,843 INFO  获取课程信息成功 
2021-01-28 19:02:38,095 INFO  获取班级信息成功 
2021-01-28 19:02:38,122 INFO  获取课程信息成功 
2021-01-28 19:02:39,226 INFO  获取课程信息成功 
2021-01-28 19:02:43,019 INFO  获取班级信息成功 
2021-01-28 19:02:43,048 INFO  获取课程信息成功 
2021-01-28 19:02:43,979 INFO  获取课程信息成功 
2021-01-28 19:11:50,540 INFO  获取班级信息成功 
2021-01-28 19:11:50,566 INFO  获取课程信息成功 
2021-01-28 19:11:53,626 INFO  获取班级信息成功 
2021-01-28 19:11:53,655 INFO  获取课程信息成功 
2021-01-28 19:11:55,897 INFO  获取班级信息成功 
2021-01-28 19:11:55,927 INFO  获取课程信息成功 
2021-01-28 19:11:59,761 INFO  获取班级信息成功 
2021-01-28 19:11:59,798 INFO  获取课程信息成功 
2021-01-28 19:12:03,277 INFO  获取班级信息成功 
2021-01-28 19:12:03,300 INFO  获取课程信息成功 
2021-01-28 19:12:06,502 INFO  获取课程信息成功 
2021-01-28 19:12:06,942 INFO  获取课程信息成功 
2021-01-28 19:12:07,406 INFO  获取课程信息成功 
2021-01-28 19:12:07,759 WARN  获取课程信息失败: data为空 
2021-01-28 19:12:08,313 INFO  获取课程信息成功 
2021-01-28 19:12:08,669 INFO  获取课程信息成功 
2021-01-28 19:12:09,038 INFO  获取课程信息成功 
2021-01-28 19:12:09,372 WARN  获取课程信息失败: data为空 
2021-01-28 19:12:09,714 WARN  获取课程信息失败: data为空 
2021-01-28 19:12:10,040 WARN  获取课程信息失败: data为空 
2021-01-28 19:12:10,334 WARN  获取课程信息失败: data为空 
2021-01-28 19:12:10,642 WARN  获取课程信息失败: data为空 
2021-01-28 19:12:10,942 WARN  获取课程信息失败: data为空 
2021-01-28 19:12:11,257 WARN  获取课程信息失败: data为空 
2021-01-28 19:12:11,541 WARN  获取课程信息失败: data为空 
2021-01-28 19:12:11,810 INFO  获取课程信息成功 
2021-01-28 19:12:12,080 INFO  获取课程信息成功 
2021-01-28 19:12:13,273 INFO  获取课程信息成功 
2021-01-28 19:12:13,576 WARN  获取课程信息失败: data为空 
2021-01-28 19:12:20,561 INFO  获取班级信息成功 
2021-01-28 19:12:20,585 INFO  获取课程信息成功 
2021-01-28 20:21:01,284 WARN  Get version failed:未能找到路径“D:\ProjectGit\SignInApp\SignInApp\SignInApp\bin\Debug\upgrade\config.xml”的一部分。 
2021-01-28 20:21:04,476 INFO  zjkhjg001 
2021-01-28 20:21:04,829 INFO  zjkhjg001登录成功 
2021-01-28 20:24:03,523 WARN  Get version failed:未能找到路径“D:\ProjectGit\SignInApp\SignInApp\SignInApp\bin\Debug\upgrade\config.xml”的一部分。 
2021-01-28 20:25:10,650 WARN  Get version failed:未能找到路径“D:\ProjectGit\SignInApp\SignInApp\SignInApp\bin\Debug\upgrade\config.xml”的一部分。 
2021-01-28 20:25:25,147 INFO  zjkhjg001 
2021-01-28 20:25:25,465 INFO  zjkhjg001登录成功 
2021-01-28 20:25:36,290 WARN  身份证读卡器注册失败 
2021-01-28 20:25:48,719 WARN  身份证读卡器注册失败 
2021-01-28 20:25:50,971 WARN  身份证读卡器注册失败 
2021-01-28 20:25:52,095 WARN  身份证读卡器注册失败 
2021-01-28 20:26:03,705 WARN  身份证读卡器注册失败 
