2021-01-28 20:26:36,757 WARN  Get version failed:未能找到路径“D:\ProjectGit\SignInApp\SignInApp\SignInApp\bin\x86\Debug\upgrade\config.xml”的一部分。 
2021-01-28 20:26:38,228 INFO  zjkhjg001 
2021-01-28 20:26:38,700 INFO  zjkhjg001登录成功 
2021-01-28 20:26:41,651 WARN  身份证读卡器注册失败 
2021-01-28 20:26:43,260 WARN  身份证读卡器注册失败 
2021-01-28 20:27:14,088 WARN  身份证读卡器注册失败 
2021-01-28 20:27:22,759 WARN  身份证读卡器注册失败 
2021-01-28 20:27:23,892 WARN  身份证读卡器注册失败 
2021-01-28 20:27:47,846 INFO  获取身份证信息成功 
2021-01-28 20:28:33,890 WARN  远程服务器返回错误: (404) 未找到。 
2021-01-28 20:29:18,667 WARN  Get version failed:未能找到路径“D:\ProjectGit\SignInApp\SignInApp\SignInApp\bin\x86\Debug\upgrade\config.xml”的一部分。 
2021-01-28 20:29:20,041 INFO  zjkhjg001 
2021-01-28 20:29:20,301 INFO  zjkhjg001登录成功 
2021-01-28 20:29:20,410 WARN  身份证读卡器注册失败 
2021-01-28 20:29:20,932 WARN  身份证读卡器注册失败 
2021-01-28 20:29:21,455 WARN  身份证读卡器注册失败 
2021-01-28 20:29:22,551 INFO  获取身份证信息成功 
2021-01-28 20:29:57,444 WARN  远程服务器返回错误: (500) 内部服务器错误。 
2021-01-28 20:30:43,731 WARN  Get version failed:未能找到路径“D:\ProjectGit\SignInApp\SignInApp\SignInApp\bin\x86\Debug\upgrade\config.xml”的一部分。 
2021-01-28 20:30:45,315 INFO  zjkhjg001 
2021-01-28 20:30:45,644 INFO  zjkhjg001登录成功 
2021-01-28 20:30:45,769 WARN  身份证读卡器注册失败 
2021-01-28 20:30:46,293 WARN  身份证读卡器注册失败 
2021-01-28 20:30:47,394 INFO  获取身份证信息成功 
2021-01-28 20:31:08,563 WARN  远程服务器返回错误: (500) 内部服务器错误。 
2021-01-28 20:31:08,586 WARN  身份证读卡器注册失败 
2021-01-28 20:31:09,109 WARN  身份证读卡器注册失败 
2021-01-28 20:31:09,632 WARN  身份证读卡器注册失败 
2021-01-28 20:31:10,156 WARN  身份证读卡器注册失败 
2021-01-28 20:31:11,252 INFO  获取身份证信息成功 
2021-01-28 20:31:17,209 WARN  远程服务器返回错误: (500) 内部服务器错误。 
2021-01-28 20:31:17,232 WARN  身份证读卡器注册失败 
2021-01-28 20:31:17,757 WARN  身份证读卡器注册失败 
2021-01-28 20:31:18,280 WARN  身份证读卡器注册失败 
2021-01-28 20:31:18,803 WARN  身份证读卡器注册失败 
2021-01-28 20:31:19,327 WARN  身份证读卡器注册失败 
2021-01-28 20:31:19,850 WARN  身份证读卡器注册失败 
2021-01-28 20:31:20,373 WARN  身份证读卡器注册失败 
2021-01-28 20:31:20,895 WARN  身份证读卡器注册失败 
2021-01-28 20:31:21,418 WARN  身份证读卡器注册失败 
2021-01-28 20:31:21,941 WARN  身份证读卡器注册失败 
2021-01-28 20:31:22,463 WARN  身份证读卡器注册失败 
2021-01-28 20:31:22,987 WARN  身份证读卡器注册失败 
2021-01-28 20:31:23,511 WARN  身份证读卡器注册失败 
2021-01-28 20:31:24,034 WARN  身份证读卡器注册失败 
2021-01-28 20:31:24,558 WARN  身份证读卡器注册失败 
2021-01-28 20:31:25,082 WARN  身份证读卡器注册失败 
2021-01-28 20:31:25,605 WARN  身份证读卡器注册失败 
2021-01-28 20:31:26,127 WARN  身份证读卡器注册失败 
2021-01-28 20:31:26,650 WARN  身份证读卡器注册失败 
2021-01-28 20:31:27,173 WARN  身份证读卡器注册失败 
2021-01-28 20:31:27,695 WARN  身份证读卡器注册失败 
2021-01-28 20:31:28,218 WARN  身份证读卡器注册失败 
2021-01-28 20:31:28,742 WARN  身份证读卡器注册失败 
2021-01-28 20:31:29,265 WARN  身份证读卡器注册失败 
2021-01-28 20:31:29,789 WARN  身份证读卡器注册失败 
2021-01-28 20:31:30,313 WARN  身份证读卡器注册失败 
2021-01-28 20:31:30,837 WARN  身份证读卡器注册失败 
2021-01-28 20:31:31,360 WARN  身份证读卡器注册失败 
2021-01-28 20:31:31,884 WARN  身份证读卡器注册失败 
2021-01-28 20:31:32,407 WARN  身份证读卡器注册失败 
2021-01-28 20:31:32,931 WARN  身份证读卡器注册失败 
2021-01-28 20:31:33,455 WARN  身份证读卡器注册失败 
2021-01-28 20:31:33,978 WARN  身份证读卡器注册失败 
2021-01-28 20:31:34,502 WARN  身份证读卡器注册失败 
2021-01-28 20:31:35,025 WARN  身份证读卡器注册失败 
2021-01-28 20:31:35,549 WARN  身份证读卡器注册失败 
2021-01-28 20:31:36,073 WARN  身份证读卡器注册失败 
2021-01-28 20:31:36,596 WARN  身份证读卡器注册失败 
2021-01-28 20:31:37,119 WARN  身份证读卡器注册失败 
2021-01-28 20:31:37,642 WARN  身份证读卡器注册失败 
2021-01-28 20:31:38,164 WARN  身份证读卡器注册失败 
2021-01-28 20:31:38,688 WARN  身份证读卡器注册失败 
2021-01-28 20:31:39,211 WARN  身份证读卡器注册失败 
2021-01-28 20:31:39,734 WARN  身份证读卡器注册失败 
2021-01-28 20:31:40,258 WARN  身份证读卡器注册失败 
2021-01-28 20:31:40,782 WARN  身份证读卡器注册失败 
2021-01-28 20:31:41,305 WARN  身份证读卡器注册失败 
2021-01-28 20:31:41,827 WARN  身份证读卡器注册失败 
2021-01-28 20:31:42,350 WARN  身份证读卡器注册失败 
2021-01-28 20:31:42,873 WARN  身份证读卡器注册失败 
2021-01-28 20:31:43,396 WARN  身份证读卡器注册失败 
2021-01-28 20:50:42,046 WARN  Get version failed:未能找到路径“D:\ProjectGit\SignInApp\SignInApp\SignInApp\bin\x86\Debug\upgrade\config.xml”的一部分。 
2021-01-28 20:50:43,766 INFO  zjkhjg001 
2021-01-28 20:50:44,060 INFO  zjkhjg001登录成功 
2021-01-28 20:50:44,260 WARN  身份证读卡器注册失败 
2021-01-28 20:50:44,784 WARN  身份证读卡器注册失败 
2021-01-28 20:50:45,306 WARN  身份证读卡器注册失败 
2021-01-28 20:50:45,830 WARN  身份证读卡器注册失败 
2021-01-28 20:50:46,926 INFO  获取身份证信息成功 
2021-01-28 20:50:58,596 WARN  远程服务器返回错误: (500) 内部服务器错误。 
2021-01-28 20:50:58,618 WARN  身份证读卡器注册失败 
2021-01-28 20:50:59,140 WARN  身份证读卡器注册失败 
2021-01-28 20:50:59,663 WARN  身份证读卡器注册失败 
2021-01-28 20:51:00,187 WARN  身份证读卡器注册失败 
2021-01-28 20:51:00,710 WARN  身份证读卡器注册失败 
2021-01-28 20:51:01,233 WARN  身份证读卡器注册失败 
2021-01-28 20:51:01,756 WARN  身份证读卡器注册失败 
2021-01-28 20:51:02,281 WARN  身份证读卡器注册失败 
2021-01-28 20:51:02,805 WARN  身份证读卡器注册失败 
2021-01-28 20:51:03,327 WARN  身份证读卡器注册失败 
2021-01-28 20:51:03,851 WARN  身份证读卡器注册失败 
2021-01-28 20:51:04,374 WARN  身份证读卡器注册失败 
2021-01-28 20:51:04,896 WARN  身份证读卡器注册失败 
2021-01-28 20:51:05,419 WARN  身份证读卡器注册失败 
2021-01-28 20:51:05,942 WARN  身份证读卡器注册失败 
2021-01-28 20:51:06,464 WARN  身份证读卡器注册失败 
2021-01-28 20:51:06,986 WARN  身份证读卡器注册失败 
2021-01-28 20:51:07,511 WARN  身份证读卡器注册失败 
2021-01-28 20:51:08,035 WARN  身份证读卡器注册失败 
2021-01-28 20:51:08,558 WARN  身份证读卡器注册失败 
2021-01-28 20:51:09,083 WARN  身份证读卡器注册失败 
2021-01-28 20:51:09,605 WARN  身份证读卡器注册失败 
2021-01-28 20:51:10,129 WARN  身份证读卡器注册失败 
2021-01-28 20:51:10,652 WARN  身份证读卡器注册失败 
2021-01-28 20:51:11,174 WARN  身份证读卡器注册失败 
2021-01-28 20:51:11,698 WARN  身份证读卡器注册失败 
2021-01-28 20:51:12,222 WARN  身份证读卡器注册失败 
2021-01-28 20:51:12,745 WARN  身份证读卡器注册失败 
2021-01-28 20:51:13,269 WARN  身份证读卡器注册失败 
2021-01-28 20:51:13,791 WARN  身份证读卡器注册失败 
2021-01-28 20:51:14,314 WARN  身份证读卡器注册失败 
2021-01-28 20:51:14,839 WARN  身份证读卡器注册失败 
2021-01-28 20:51:15,361 WARN  身份证读卡器注册失败 
2021-01-28 20:51:15,886 WARN  身份证读卡器注册失败 
2021-01-28 20:51:16,409 WARN  身份证读卡器注册失败 
2021-01-28 20:51:16,933 WARN  身份证读卡器注册失败 
2021-01-28 20:51:17,455 WARN  身份证读卡器注册失败 
2021-01-28 20:51:17,978 WARN  身份证读卡器注册失败 
2021-01-28 20:51:18,502 WARN  身份证读卡器注册失败 
2021-01-28 20:51:19,024 WARN  身份证读卡器注册失败 
2021-01-28 20:51:19,547 WARN  身份证读卡器注册失败 
2021-01-28 20:51:20,070 WARN  身份证读卡器注册失败 
2021-01-28 20:51:20,593 WARN  身份证读卡器注册失败 
2021-01-28 20:51:21,116 WARN  身份证读卡器注册失败 
2021-01-28 20:51:21,638 WARN  身份证读卡器注册失败 
2021-01-28 20:51:22,162 WARN  身份证读卡器注册失败 
2021-01-28 20:51:22,684 WARN  身份证读卡器注册失败 
2021-01-28 20:51:23,207 WARN  身份证读卡器注册失败 
2021-01-28 20:51:23,730 WARN  身份证读卡器注册失败 
2021-01-28 20:51:24,254 WARN  身份证读卡器注册失败 
2021-01-28 20:51:24,776 WARN  身份证读卡器注册失败 
2021-01-28 20:51:25,299 WARN  身份证读卡器注册失败 
2021-01-28 20:51:25,821 WARN  身份证读卡器注册失败 
2021-01-28 20:51:26,344 WARN  身份证读卡器注册失败 
2021-01-28 20:51:26,868 WARN  身份证读卡器注册失败 
2021-01-28 20:51:27,393 WARN  身份证读卡器注册失败 
2021-01-28 20:51:27,917 WARN  身份证读卡器注册失败 
2021-01-28 20:51:28,440 WARN  身份证读卡器注册失败 
2021-01-28 20:51:28,962 WARN  身份证读卡器注册失败 
2021-01-28 20:51:29,486 WARN  身份证读卡器注册失败 
2021-01-28 20:51:30,009 WARN  身份证读卡器注册失败 
2021-01-28 20:51:30,533 WARN  身份证读卡器注册失败 
2021-01-28 20:51:31,059 WARN  身份证读卡器注册失败 
2021-01-28 20:51:31,584 WARN  身份证读卡器注册失败 
2021-01-28 20:51:32,106 WARN  身份证读卡器注册失败 
2021-01-28 20:51:32,631 WARN  身份证读卡器注册失败 
2021-01-28 20:51:33,154 WARN  身份证读卡器注册失败 
2021-01-28 20:51:33,676 WARN  身份证读卡器注册失败 
2021-01-28 20:51:34,200 WARN  身份证读卡器注册失败 
2021-01-28 20:51:34,723 WARN  身份证读卡器注册失败 
2021-01-28 20:51:35,246 WARN  身份证读卡器注册失败 
2021-01-28 20:51:35,769 WARN  身份证读卡器注册失败 
2021-01-28 20:51:36,292 WARN  身份证读卡器注册失败 
2021-01-28 20:51:36,817 WARN  身份证读卡器注册失败 
2021-01-28 20:51:37,340 WARN  身份证读卡器注册失败 
2021-01-28 20:51:37,865 WARN  身份证读卡器注册失败 
2021-01-28 20:51:38,387 WARN  身份证读卡器注册失败 
2021-01-28 20:51:38,910 WARN  身份证读卡器注册失败 
2021-01-28 20:51:39,434 WARN  身份证读卡器注册失败 
2021-01-28 20:51:39,957 WARN  身份证读卡器注册失败 
2021-01-28 20:51:40,480 WARN  身份证读卡器注册失败 
2021-01-28 20:52:01,834 WARN  Get version failed:未能找到路径“D:\ProjectGit\SignInApp\SignInApp\SignInApp\bin\x86\Debug\upgrade\config.xml”的一部分。 
2021-01-28 20:52:04,808 INFO  zjkhjg001 
2021-01-28 20:52:05,175 INFO  zjkhjg001登录成功 
2021-01-28 20:52:05,281 WARN  身份证读卡器注册失败 
2021-01-28 20:52:05,803 WARN  身份证读卡器注册失败 
2021-01-28 20:52:06,326 WARN  身份证读卡器注册失败 
2021-01-28 20:52:06,546 INFO  获取班级信息成功 
2021-01-28 20:52:06,585 INFO  获取课程信息成功 
2021-01-28 20:52:06,848 WARN  身份证读卡器注册失败 
2021-01-28 20:52:07,371 WARN  身份证读卡器注册失败 
2021-01-28 20:52:07,895 WARN  身份证读卡器注册失败 
2021-01-28 20:52:08,417 WARN  身份证读卡器注册失败 
2021-01-28 20:52:08,940 WARN  身份证读卡器注册失败 
2021-01-28 20:52:09,463 WARN  身份证读卡器注册失败 
2021-01-28 20:52:09,593 INFO  获取课程信息成功 
2021-01-28 20:52:09,986 WARN  身份证读卡器注册失败 
2021-01-28 20:52:10,509 WARN  身份证读卡器注册失败 
2021-01-28 20:52:11,031 WARN  身份证读卡器注册失败 
2021-01-28 20:52:11,554 WARN  身份证读卡器注册失败 
2021-01-28 20:52:22,594 WARN  身份证读卡器注册失败 
2021-01-28 20:52:24,712 WARN  身份证读卡器注册失败 
2021-01-28 20:53:39,871 WARN  身份证读卡器注册失败 
2021-01-28 20:53:40,393 WARN  身份证读卡器注册失败 
2021-01-28 20:53:40,916 WARN  身份证读卡器注册失败 
2021-01-28 20:53:41,439 WARN  身份证读卡器注册失败 
2021-01-28 20:53:41,961 WARN  身份证读卡器注册失败 
2021-01-28 20:53:42,484 WARN  身份证读卡器注册失败 
2021-01-28 20:53:43,006 WARN  身份证读卡器注册失败 
2021-01-28 20:53:43,529 WARN  身份证读卡器注册失败 
2021-01-28 20:53:44,052 WARN  身份证读卡器注册失败 
2021-01-28 20:53:44,574 WARN  身份证读卡器注册失败 
2021-01-28 20:53:45,097 WARN  身份证读卡器注册失败 
2021-01-28 20:53:45,619 WARN  身份证读卡器注册失败 
2021-01-28 20:53:46,142 WARN  身份证读卡器注册失败 
2021-01-28 20:53:46,665 WARN  身份证读卡器注册失败 
2021-01-28 20:53:47,187 WARN  身份证读卡器注册失败 
2021-01-28 20:53:47,710 WARN  身份证读卡器注册失败 
2021-01-28 20:53:48,233 WARN  身份证读卡器注册失败 
2021-01-28 20:53:48,757 WARN  身份证读卡器注册失败 
2021-01-28 20:53:49,281 WARN  身份证读卡器注册失败 
2021-01-28 20:53:49,804 WARN  身份证读卡器注册失败 
2021-01-28 20:53:50,326 WARN  身份证读卡器注册失败 
2021-01-28 20:53:50,849 WARN  身份证读卡器注册失败 
2021-01-28 20:53:51,374 WARN  身份证读卡器注册失败 
2021-01-28 20:53:51,897 WARN  身份证读卡器注册失败 
2021-01-28 20:53:52,420 WARN  身份证读卡器注册失败 
2021-01-28 20:53:52,943 WARN  身份证读卡器注册失败 
2021-01-28 20:53:53,466 WARN  身份证读卡器注册失败 
2021-01-28 20:53:53,989 WARN  身份证读卡器注册失败 
2021-01-28 20:53:54,511 WARN  身份证读卡器注册失败 
2021-01-28 20:53:55,034 WARN  身份证读卡器注册失败 
2021-01-28 20:53:55,556 WARN  身份证读卡器注册失败 
2021-01-28 20:53:56,080 WARN  身份证读卡器注册失败 
2021-01-28 20:53:56,603 WARN  身份证读卡器注册失败 
2021-01-28 20:53:57,128 WARN  身份证读卡器注册失败 
2021-01-28 20:53:57,650 WARN  身份证读卡器注册失败 
2021-01-28 20:53:58,174 WARN  身份证读卡器注册失败 
2021-01-28 20:53:58,696 WARN  身份证读卡器注册失败 
2021-01-28 20:53:59,219 WARN  身份证读卡器注册失败 
2021-01-28 20:53:59,742 WARN  身份证读卡器注册失败 
2021-01-28 20:54:00,264 WARN  身份证读卡器注册失败 
2021-01-28 20:54:00,787 WARN  身份证读卡器注册失败 
2021-01-28 20:54:01,310 WARN  身份证读卡器注册失败 
2021-01-28 20:54:01,833 WARN  身份证读卡器注册失败 
2021-01-28 20:54:02,356 WARN  身份证读卡器注册失败 
2021-01-28 20:54:02,878 WARN  身份证读卡器注册失败 
2021-01-28 20:54:03,401 WARN  身份证读卡器注册失败 
2021-01-28 20:54:03,926 WARN  身份证读卡器注册失败 
2021-01-28 20:54:04,450 WARN  身份证读卡器注册失败 
2021-01-28 20:54:04,973 WARN  身份证读卡器注册失败 
2021-01-28 20:54:05,496 WARN  身份证读卡器注册失败 
2021-01-28 20:54:06,018 WARN  身份证读卡器注册失败 
2021-01-28 20:54:06,541 WARN  身份证读卡器注册失败 
2021-01-28 20:54:07,064 WARN  身份证读卡器注册失败 
2021-01-28 20:54:07,587 WARN  身份证读卡器注册失败 
2021-01-28 20:54:08,110 WARN  身份证读卡器注册失败 
2021-01-28 20:54:08,633 WARN  身份证读卡器注册失败 
2021-01-28 20:54:09,156 WARN  身份证读卡器注册失败 
2021-01-28 20:54:09,681 WARN  身份证读卡器注册失败 
2021-01-28 20:54:10,203 WARN  身份证读卡器注册失败 
2021-01-28 20:54:10,727 WARN  身份证读卡器注册失败 
2021-01-28 20:54:11,249 WARN  身份证读卡器注册失败 
2021-01-28 20:54:11,772 WARN  身份证读卡器注册失败 
2021-01-28 20:54:12,296 WARN  身份证读卡器注册失败 
2021-01-28 20:54:12,819 WARN  身份证读卡器注册失败 
2021-01-28 20:54:13,341 WARN  身份证读卡器注册失败 
2021-01-28 20:54:13,863 WARN  身份证读卡器注册失败 
2021-01-28 20:54:14,386 WARN  身份证读卡器注册失败 
2021-01-28 20:54:14,910 WARN  身份证读卡器注册失败 
2021-01-28 20:54:15,433 WARN  身份证读卡器注册失败 
2021-01-28 20:54:15,957 WARN  身份证读卡器注册失败 
2021-01-28 20:54:16,479 WARN  身份证读卡器注册失败 
2021-01-28 20:54:17,003 WARN  身份证读卡器注册失败 
2021-01-28 20:54:17,526 WARN  身份证读卡器注册失败 
2021-01-28 20:54:18,049 WARN  身份证读卡器注册失败 
2021-01-28 20:54:18,572 WARN  身份证读卡器注册失败 
2021-01-28 20:54:19,095 WARN  身份证读卡器注册失败 
2021-01-28 20:54:19,620 WARN  身份证读卡器注册失败 
2021-01-28 20:54:20,143 WARN  身份证读卡器注册失败 
2021-01-28 20:54:20,665 WARN  身份证读卡器注册失败 
2021-01-28 20:54:21,188 WARN  身份证读卡器注册失败 
2021-01-28 20:54:21,711 WARN  身份证读卡器注册失败 
2021-01-28 20:54:22,234 WARN  身份证读卡器注册失败 
2021-01-28 20:54:22,758 WARN  身份证读卡器注册失败 
2021-01-28 20:54:23,281 WARN  身份证读卡器注册失败 
2021-01-28 20:54:23,804 WARN  身份证读卡器注册失败 
2021-01-28 20:54:24,326 WARN  身份证读卡器注册失败 
2021-01-28 20:54:24,849 WARN  身份证读卡器注册失败 
2021-01-28 20:54:25,373 WARN  身份证读卡器注册失败 
2021-01-28 20:54:25,896 WARN  身份证读卡器注册失败 
2021-01-28 20:54:26,419 WARN  身份证读卡器注册失败 
2021-01-28 20:54:26,941 WARN  身份证读卡器注册失败 
2021-01-28 20:54:27,464 WARN  身份证读卡器注册失败 
2021-01-28 20:54:27,987 WARN  身份证读卡器注册失败 
2021-01-28 20:54:28,510 WARN  身份证读卡器注册失败 
2021-01-28 20:54:29,033 WARN  身份证读卡器注册失败 
2021-01-28 20:54:29,556 WARN  身份证读卡器注册失败 
2021-01-28 21:47:09,977 WARN  Get version failed:未能找到路径“D:\ProjectGit\SignInApp\SignInApp\SignInApp\bin\x86\Debug\upgrade\config.xml”的一部分。 
2021-01-28 21:47:15,290 INFO  zjkhjg001 
2021-01-28 21:47:15,569 INFO  zjkhjg001登录成功 
2021-01-28 21:47:15,661 WARN  身份证读卡器初始化失败 
2021-01-28 21:47:16,173 WARN  身份证读卡器初始化失败 
2021-01-28 21:47:16,683 WARN  身份证读卡器初始化失败 
2021-01-28 21:47:17,193 WARN  身份证读卡器初始化失败 
2021-01-28 21:47:17,547 INFO  获取班级信息成功 
2021-01-28 21:47:17,580 INFO  获取课程信息成功 
2021-01-28 21:47:17,707 WARN  身份证读卡器初始化失败 
2021-01-28 21:47:18,218 WARN  身份证读卡器初始化失败 
2021-01-28 21:47:18,729 WARN  身份证读卡器初始化失败 
2021-01-28 21:47:19,240 WARN  身份证读卡器初始化失败 
2021-01-28 21:47:19,749 WARN  身份证读卡器初始化失败 
2021-01-28 21:47:20,260 WARN  身份证读卡器初始化失败 
2021-01-28 21:47:20,770 WARN  身份证读卡器初始化失败 
2021-01-28 21:47:21,284 WARN  身份证读卡器初始化失败 
2021-01-28 21:47:21,796 WARN  身份证读卡器初始化失败 
2021-01-28 21:47:22,306 WARN  身份证读卡器初始化失败 
2021-01-28 21:47:22,817 WARN  身份证读卡器初始化失败 
2021-01-28 21:47:22,949 INFO  获取课程信息成功 
2021-01-28 21:47:23,329 WARN  身份证读卡器初始化失败 
2021-01-28 21:47:23,839 WARN  身份证读卡器初始化失败 
2021-01-28 21:47:24,350 WARN  身份证读卡器初始化失败 
2021-01-28 21:47:24,861 WARN  身份证读卡器初始化失败 
2021-01-28 21:47:25,371 WARN  身份证读卡器初始化失败 
2021-01-28 21:47:33,080 WARN  身份证读卡器初始化失败 
2021-01-28 21:47:33,590 WARN  身份证读卡器初始化失败 
2021-01-28 21:47:34,102 WARN  身份证读卡器初始化失败 
2021-01-28 21:47:34,611 WARN  身份证读卡器初始化失败 
2021-01-28 21:47:35,123 WARN  身份证读卡器初始化失败 
2021-01-28 21:47:35,633 WARN  身份证读卡器初始化失败 
2021-01-28 21:47:36,144 WARN  身份证读卡器初始化失败 
2021-01-28 21:47:36,654 WARN  身份证读卡器初始化失败 
2021-01-28 21:47:37,165 WARN  身份证读卡器初始化失败 
2021-01-28 21:47:37,677 WARN  身份证读卡器初始化失败 
2021-01-28 21:47:38,187 WARN  身份证读卡器初始化失败 
2021-01-28 21:47:38,698 WARN  身份证读卡器初始化失败 
2021-01-28 21:47:39,208 WARN  身份证读卡器初始化失败 
2021-01-28 21:47:39,719 WARN  身份证读卡器初始化失败 
2021-01-28 21:47:40,231 WARN  身份证读卡器初始化失败 
2021-01-28 21:47:40,743 WARN  身份证读卡器初始化失败 
2021-01-28 21:47:41,254 WARN  身份证读卡器初始化失败 
2021-01-28 21:47:41,764 WARN  身份证读卡器初始化失败 
2021-01-28 21:47:42,276 WARN  身份证读卡器初始化失败 
2021-01-28 21:47:42,786 WARN  身份证读卡器初始化失败 
2021-01-28 21:47:43,295 WARN  身份证读卡器初始化失败 
2021-01-28 21:47:43,806 WARN  身份证读卡器初始化失败 
2021-01-28 21:47:44,317 WARN  身份证读卡器初始化失败 
2021-01-28 21:47:44,828 WARN  身份证读卡器初始化失败 
2021-01-28 21:47:45,339 WARN  身份证读卡器初始化失败 
2021-01-28 21:47:45,849 WARN  身份证读卡器初始化失败 
2021-01-28 21:47:46,360 WARN  身份证读卡器初始化失败 
2021-01-28 21:47:46,874 WARN  身份证读卡器初始化失败 
2021-01-28 21:47:47,394 WARN  身份证读卡器初始化失败 
2021-01-28 21:47:47,911 WARN  身份证读卡器初始化失败 
2021-01-28 21:47:48,420 WARN  身份证读卡器初始化失败 
2021-01-28 21:47:48,932 WARN  身份证读卡器初始化失败 
2021-01-28 22:30:42,664 WARN  Get version failed:未能找到路径“D:\ProjectGit\SignInApp\SignInApp\SignInApp\bin\x86\Debug\upgrade\config.xml”的一部分。 
2021-01-28 22:30:55,364 INFO  zjkhjg001 
2021-01-28 22:30:56,018 INFO  zjkhjg001登录成功 
2021-01-28 22:30:56,111 WARN  身份证读卡器初始化失败 
2021-01-28 22:30:56,622 WARN  身份证读卡器初始化失败 
2021-01-28 22:30:57,135 WARN  身份证读卡器初始化失败 
2021-01-28 22:30:57,357 INFO  获取班级信息成功 
2021-01-28 22:30:57,403 INFO  获取课程信息成功 
2021-01-28 22:30:57,648 WARN  身份证读卡器初始化失败 
2021-01-28 22:30:58,160 WARN  身份证读卡器初始化失败 
2021-01-28 22:30:58,671 WARN  身份证读卡器初始化失败 
2021-01-28 22:30:58,935 INFO  获取课程信息成功 
2021-01-28 22:30:59,182 WARN  身份证读卡器初始化失败 
2021-01-28 22:30:59,693 WARN  身份证读卡器初始化失败 
2021-01-28 22:31:00,202 WARN  身份证读卡器初始化失败 
2021-01-28 22:31:00,714 WARN  身份证读卡器初始化失败 
2021-01-28 22:31:01,225 WARN  身份证读卡器初始化失败 
2021-01-28 22:31:01,558 INFO  获取课程信息成功 
2021-01-28 22:31:01,735 WARN  身份证读卡器初始化失败 
2021-01-28 22:31:02,246 WARN  身份证读卡器初始化失败 
2021-01-28 22:31:02,755 WARN  身份证读卡器初始化失败 
2021-01-28 22:31:03,267 WARN  身份证读卡器初始化失败 
2021-01-28 22:31:03,778 WARN  身份证读卡器初始化失败 
2021-01-28 22:31:04,289 WARN  身份证读卡器初始化失败 
2021-01-28 22:31:04,799 WARN  身份证读卡器初始化失败 
2021-01-28 22:31:05,310 WARN  身份证读卡器初始化失败 
2021-01-28 22:31:05,821 WARN  身份证读卡器初始化失败 
2021-01-28 22:31:06,332 WARN  身份证读卡器初始化失败 
2021-01-28 22:31:06,841 WARN  身份证读卡器初始化失败 
2021-01-28 22:31:07,355 WARN  身份证读卡器初始化失败 
2021-01-28 22:31:07,865 WARN  身份证读卡器初始化失败 
2021-01-28 22:31:08,376 WARN  身份证读卡器初始化失败 
2021-01-28 22:31:08,889 WARN  身份证读卡器初始化失败 
2021-01-28 22:31:09,404 WARN  身份证读卡器初始化失败 
2021-01-28 22:31:09,914 WARN  身份证读卡器初始化失败 
2021-01-28 22:31:10,425 WARN  身份证读卡器初始化失败 
2021-01-28 22:31:10,936 WARN  身份证读卡器初始化失败 
2021-01-28 22:31:11,447 WARN  身份证读卡器初始化失败 
2021-01-28 22:31:11,958 WARN  身份证读卡器初始化失败 
2021-01-28 22:31:12,467 WARN  身份证读卡器初始化失败 
2021-01-28 22:31:12,977 WARN  身份证读卡器初始化失败 
2021-01-28 22:31:13,488 WARN  身份证读卡器初始化失败 
2021-01-28 22:31:13,999 WARN  身份证读卡器初始化失败 
2021-01-28 22:31:14,511 WARN  身份证读卡器初始化失败 
2021-01-28 22:31:15,023 WARN  身份证读卡器初始化失败 
2021-01-28 22:31:15,533 WARN  身份证读卡器初始化失败 
2021-01-28 22:31:16,043 WARN  身份证读卡器初始化失败 
2021-01-28 22:31:16,555 WARN  身份证读卡器初始化失败 
2021-01-28 22:31:17,064 WARN  身份证读卡器初始化失败 
2021-01-28 22:31:17,575 WARN  身份证读卡器初始化失败 
2021-01-28 22:31:18,085 WARN  身份证读卡器初始化失败 
2021-01-28 22:31:18,597 WARN  身份证读卡器初始化失败 
2021-01-28 22:31:19,108 WARN  身份证读卡器初始化失败 
2021-01-28 22:31:19,619 WARN  身份证读卡器初始化失败 
2021-01-28 22:31:20,129 WARN  身份证读卡器初始化失败 
2021-01-28 22:31:20,640 WARN  身份证读卡器初始化失败 
2021-01-28 22:31:21,151 WARN  身份证读卡器初始化失败 
2021-01-28 22:31:21,662 WARN  身份证读卡器初始化失败 
2021-01-28 22:31:22,172 WARN  身份证读卡器初始化失败 
2021-01-28 22:31:22,684 WARN  身份证读卡器初始化失败 
2021-01-28 22:31:23,195 WARN  身份证读卡器初始化失败 
2021-01-28 22:31:23,705 WARN  身份证读卡器初始化失败 
2021-01-28 22:31:24,216 WARN  身份证读卡器初始化失败 
2021-01-28 22:31:24,728 WARN  身份证读卡器初始化失败 
2021-01-28 22:31:25,237 WARN  身份证读卡器初始化失败 
2021-01-28 22:31:25,748 WARN  身份证读卡器初始化失败 
2021-01-28 22:31:26,259 WARN  身份证读卡器初始化失败 
2021-01-28 22:31:26,768 WARN  身份证读卡器初始化失败 
2021-01-28 22:31:27,279 WARN  身份证读卡器初始化失败 
2021-01-28 22:31:27,789 WARN  身份证读卡器初始化失败 
2021-01-28 22:31:28,300 WARN  身份证读卡器初始化失败 
2021-01-28 22:31:28,811 WARN  身份证读卡器初始化失败 
2021-01-28 22:31:29,322 WARN  身份证读卡器初始化失败 
2021-01-28 22:31:29,833 WARN  身份证读卡器初始化失败 
2021-01-28 22:31:30,344 WARN  身份证读卡器初始化失败 
2021-01-28 22:31:30,854 WARN  身份证读卡器初始化失败 
2021-01-28 22:31:31,364 WARN  身份证读卡器初始化失败 
2021-01-28 22:31:31,875 WARN  身份证读卡器初始化失败 
2021-01-28 22:31:32,384 WARN  身份证读卡器初始化失败 
2021-01-28 22:31:32,895 WARN  身份证读卡器初始化失败 
2021-01-28 22:31:33,406 WARN  身份证读卡器初始化失败 
2021-01-28 22:31:33,917 WARN  身份证读卡器初始化失败 
2021-01-28 22:31:34,427 WARN  身份证读卡器初始化失败 
2021-01-28 22:31:34,939 WARN  身份证读卡器初始化失败 
2021-01-28 22:31:35,449 WARN  身份证读卡器初始化失败 
2021-01-28 22:31:35,959 WARN  身份证读卡器初始化失败 
2021-01-28 22:31:36,469 WARN  身份证读卡器初始化失败 
2021-01-28 22:31:36,982 WARN  身份证读卡器初始化失败 
2021-01-28 22:31:37,492 WARN  身份证读卡器初始化失败 
2021-01-28 22:31:38,005 WARN  身份证读卡器初始化失败 
2021-01-28 22:31:38,516 WARN  身份证读卡器初始化失败 
2021-01-28 22:31:39,029 WARN  身份证读卡器初始化失败 
2021-01-28 22:31:39,540 WARN  身份证读卡器初始化失败 
2021-01-28 22:31:40,052 WARN  身份证读卡器初始化失败 
2021-01-28 22:31:40,562 WARN  身份证读卡器初始化失败 
2021-01-28 22:31:41,073 WARN  身份证读卡器初始化失败 
2021-01-28 22:31:41,584 WARN  身份证读卡器初始化失败 
2021-01-28 22:31:42,097 WARN  身份证读卡器初始化失败 
2021-01-28 22:31:42,609 WARN  身份证读卡器初始化失败 
2021-01-28 22:31:43,119 WARN  身份证读卡器初始化失败 
2021-01-28 22:31:43,630 WARN  身份证读卡器初始化失败 
2021-01-28 22:31:44,141 WARN  身份证读卡器初始化失败 
2021-01-28 22:31:44,651 WARN  身份证读卡器初始化失败 
2021-01-28 22:31:45,163 WARN  身份证读卡器初始化失败 
2021-01-28 22:31:45,674 WARN  身份证读卡器初始化失败 
2021-01-28 22:31:46,185 WARN  身份证读卡器初始化失败 
2021-01-28 22:31:46,697 WARN  身份证读卡器初始化失败 
2021-01-28 22:31:47,209 WARN  身份证读卡器初始化失败 
2021-01-28 22:31:47,724 WARN  身份证读卡器初始化失败 
2021-01-28 22:31:48,237 WARN  身份证读卡器初始化失败 
2021-01-28 22:31:48,753 WARN  身份证读卡器初始化失败 
2021-01-28 22:31:49,265 WARN  身份证读卡器初始化失败 
2021-01-28 22:31:49,775 WARN  身份证读卡器初始化失败 
2021-01-28 22:31:50,285 WARN  身份证读卡器初始化失败 
2021-01-28 22:31:50,797 WARN  身份证读卡器初始化失败 
2021-01-28 22:31:51,308 WARN  身份证读卡器初始化失败 
2021-01-28 22:31:51,818 WARN  身份证读卡器初始化失败 
2021-01-28 22:31:52,328 WARN  身份证读卡器初始化失败 
2021-01-28 22:31:52,840 WARN  身份证读卡器初始化失败 
2021-01-28 22:31:53,351 WARN  身份证读卡器初始化失败 
2021-01-28 22:31:53,863 WARN  身份证读卡器初始化失败 
2021-01-28 22:31:54,374 WARN  身份证读卡器初始化失败 
2021-01-28 22:31:54,887 WARN  身份证读卡器初始化失败 
2021-01-28 22:31:55,398 WARN  身份证读卡器初始化失败 
2021-01-28 22:31:55,908 WARN  身份证读卡器初始化失败 
2021-01-28 22:31:56,421 WARN  身份证读卡器初始化失败 
2021-01-28 22:31:56,931 WARN  身份证读卡器初始化失败 
2021-01-28 22:31:57,441 WARN  身份证读卡器初始化失败 
2021-01-28 22:31:57,953 WARN  身份证读卡器初始化失败 
2021-01-28 22:31:58,464 WARN  身份证读卡器初始化失败 
2021-01-28 22:31:58,976 WARN  身份证读卡器初始化失败 
2021-01-28 22:31:59,487 WARN  身份证读卡器初始化失败 
2021-01-28 22:31:59,997 WARN  身份证读卡器初始化失败 
2021-01-28 22:32:00,509 WARN  身份证读卡器初始化失败 
2021-01-28 22:32:01,022 WARN  身份证读卡器初始化失败 
2021-01-28 22:32:01,532 WARN  身份证读卡器初始化失败 
2021-01-28 22:32:02,046 WARN  身份证读卡器初始化失败 
2021-01-28 22:32:02,615 WARN  身份证读卡器初始化失败 
2021-01-28 22:32:03,125 WARN  身份证读卡器初始化失败 
2021-01-28 22:32:03,637 WARN  身份证读卡器初始化失败 
2021-01-28 22:32:04,148 WARN  身份证读卡器初始化失败 
2021-01-28 22:32:04,661 WARN  身份证读卡器初始化失败 
2021-01-28 22:32:05,226 WARN  身份证读卡器初始化失败 
2021-01-28 22:32:05,739 WARN  身份证读卡器初始化失败 
2021-01-28 22:32:06,249 WARN  身份证读卡器初始化失败 
2021-01-28 22:32:06,761 WARN  身份证读卡器初始化失败 
2021-01-28 22:32:07,271 WARN  身份证读卡器初始化失败 
2021-01-28 22:32:07,782 WARN  身份证读卡器初始化失败 
2021-01-28 22:32:08,293 WARN  身份证读卡器初始化失败 
2021-01-28 22:32:08,802 WARN  身份证读卡器初始化失败 
2021-01-28 22:32:09,314 WARN  身份证读卡器初始化失败 
2021-01-28 22:32:09,825 WARN  身份证读卡器初始化失败 
2021-01-28 22:32:10,335 WARN  身份证读卡器初始化失败 
2021-01-28 22:32:10,848 WARN  身份证读卡器初始化失败 
2021-01-28 22:32:11,359 WARN  身份证读卡器初始化失败 
2021-01-28 22:32:11,869 WARN  身份证读卡器初始化失败 
2021-01-28 22:32:12,380 WARN  身份证读卡器初始化失败 
2021-01-28 22:32:12,890 WARN  身份证读卡器初始化失败 
2021-01-28 22:32:13,400 WARN  身份证读卡器初始化失败 
2021-01-28 22:32:13,912 WARN  身份证读卡器初始化失败 
2021-01-28 22:32:14,421 WARN  身份证读卡器初始化失败 
2021-01-28 22:32:14,933 WARN  身份证读卡器初始化失败 
2021-01-28 22:32:15,444 WARN  身份证读卡器初始化失败 
2021-01-28 22:32:15,954 WARN  身份证读卡器初始化失败 
2021-01-28 22:32:16,464 WARN  身份证读卡器初始化失败 
2021-01-28 22:32:16,976 WARN  身份证读卡器初始化失败 
2021-01-28 22:32:17,486 WARN  身份证读卡器初始化失败 
2021-01-28 22:32:17,997 WARN  身份证读卡器初始化失败 
2021-01-28 22:32:18,510 WARN  身份证读卡器初始化失败 
2021-01-28 22:32:19,023 WARN  身份证读卡器初始化失败 
2021-01-28 22:32:19,534 WARN  身份证读卡器初始化失败 
2021-01-28 22:32:20,044 WARN  身份证读卡器初始化失败 
2021-01-28 22:32:20,554 WARN  身份证读卡器初始化失败 
2021-01-28 22:32:21,066 WARN  身份证读卡器初始化失败 
2021-01-28 22:32:21,576 WARN  身份证读卡器初始化失败 
2021-01-28 22:32:22,094 WARN  身份证读卡器初始化失败 
2021-01-28 22:32:22,605 WARN  身份证读卡器初始化失败 
2021-01-28 22:32:23,117 WARN  身份证读卡器初始化失败 
2021-01-28 22:32:23,627 WARN  身份证读卡器初始化失败 
2021-01-28 22:32:24,141 WARN  身份证读卡器初始化失败 
2021-01-28 22:32:24,652 WARN  身份证读卡器初始化失败 
2021-01-28 22:32:25,163 WARN  身份证读卡器初始化失败 
2021-01-28 22:32:25,673 WARN  身份证读卡器初始化失败 
2021-01-28 22:32:26,186 WARN  身份证读卡器初始化失败 
2021-01-28 22:32:26,698 WARN  身份证读卡器初始化失败 
2021-01-28 22:32:27,208 WARN  身份证读卡器初始化失败 
2021-01-28 22:32:27,720 WARN  身份证读卡器初始化失败 
2021-01-28 22:32:28,231 WARN  身份证读卡器初始化失败 
2021-01-28 22:32:28,742 WARN  身份证读卡器初始化失败 
2021-01-28 22:32:29,252 WARN  身份证读卡器初始化失败 
2021-01-28 22:32:29,767 WARN  身份证读卡器初始化失败 
2021-01-28 22:32:30,278 WARN  身份证读卡器初始化失败 
2021-01-28 22:32:30,790 WARN  身份证读卡器初始化失败 
2021-01-28 22:32:31,302 WARN  身份证读卡器初始化失败 
2021-01-28 22:32:31,812 WARN  身份证读卡器初始化失败 
2021-01-28 22:32:32,324 WARN  身份证读卡器初始化失败 
2021-01-28 22:32:32,835 WARN  身份证读卡器初始化失败 
2021-01-28 22:32:33,349 WARN  身份证读卡器初始化失败 
2021-01-28 22:32:33,859 WARN  身份证读卡器初始化失败 
2021-01-28 22:32:34,370 WARN  身份证读卡器初始化失败 
2021-01-28 22:32:34,881 WARN  身份证读卡器初始化失败 
2021-01-28 22:32:35,392 WARN  身份证读卡器初始化失败 
2021-01-28 22:32:35,903 WARN  身份证读卡器初始化失败 
2021-01-28 22:32:36,416 WARN  身份证读卡器初始化失败 
2021-01-28 22:32:36,925 WARN  身份证读卡器初始化失败 
2021-01-28 22:32:37,437 WARN  身份证读卡器初始化失败 
2021-01-28 22:32:37,947 WARN  身份证读卡器初始化失败 
2021-01-28 22:32:38,458 WARN  身份证读卡器初始化失败 
2021-01-28 22:32:38,969 WARN  身份证读卡器初始化失败 
2021-01-28 22:32:39,480 WARN  身份证读卡器初始化失败 
2021-01-28 22:32:39,990 WARN  身份证读卡器初始化失败 
2021-01-28 22:32:40,504 WARN  身份证读卡器初始化失败 
2021-01-28 22:32:41,014 WARN  身份证读卡器初始化失败 
2021-01-28 22:32:41,527 WARN  身份证读卡器初始化失败 
2021-01-28 22:32:42,039 WARN  身份证读卡器初始化失败 
2021-01-28 22:32:42,549 WARN  身份证读卡器初始化失败 
2021-01-28 22:32:43,061 WARN  身份证读卡器初始化失败 
2021-01-28 22:32:43,949 WARN  身份证读卡器初始化失败 
2021-01-28 22:32:44,463 WARN  身份证读卡器初始化失败 
2021-01-28 22:32:44,975 WARN  身份证读卡器初始化失败 
2021-01-28 22:32:45,485 WARN  身份证读卡器初始化失败 
2021-01-28 22:32:45,998 WARN  身份证读卡器初始化失败 
2021-01-28 22:32:46,510 WARN  身份证读卡器初始化失败 
2021-01-28 22:32:47,019 WARN  身份证读卡器初始化失败 
2021-01-28 22:32:47,531 WARN  身份证读卡器初始化失败 
2021-01-28 22:32:48,042 WARN  身份证读卡器初始化失败 
2021-01-28 22:32:48,553 WARN  身份证读卡器初始化失败 
2021-01-28 22:32:49,063 WARN  身份证读卡器初始化失败 
2021-01-28 22:32:49,574 WARN  身份证读卡器初始化失败 
2021-01-28 22:32:50,085 WARN  身份证读卡器初始化失败 
2021-01-28 22:32:50,597 WARN  身份证读卡器初始化失败 
2021-01-28 22:32:51,106 WARN  身份证读卡器初始化失败 
2021-01-28 22:32:51,617 WARN  身份证读卡器初始化失败 
2021-01-28 22:32:52,128 WARN  身份证读卡器初始化失败 
2021-01-28 22:32:52,637 WARN  身份证读卡器初始化失败 
2021-01-28 22:32:53,148 WARN  身份证读卡器初始化失败 
2021-01-28 22:32:53,659 WARN  身份证读卡器初始化失败 
2021-01-28 22:32:54,169 WARN  身份证读卡器初始化失败 
2021-01-28 22:32:54,680 WARN  身份证读卡器初始化失败 
2021-01-28 22:32:55,191 WARN  身份证读卡器初始化失败 
2021-01-28 22:32:55,702 WARN  身份证读卡器初始化失败 
2021-01-28 22:32:56,212 WARN  身份证读卡器初始化失败 
2021-01-28 22:32:56,722 WARN  身份证读卡器初始化失败 
2021-01-28 22:32:57,233 WARN  身份证读卡器初始化失败 
2021-01-28 22:32:57,744 WARN  身份证读卡器初始化失败 
2021-01-28 22:32:58,255 WARN  身份证读卡器初始化失败 
2021-01-28 22:32:58,768 WARN  身份证读卡器初始化失败 
2021-01-28 22:32:59,278 WARN  身份证读卡器初始化失败 
2021-01-28 22:32:59,790 WARN  身份证读卡器初始化失败 
2021-01-28 22:33:00,301 WARN  身份证读卡器初始化失败 
2021-01-28 22:33:00,811 WARN  身份证读卡器初始化失败 
2021-01-28 22:33:01,321 WARN  身份证读卡器初始化失败 
2021-01-28 22:33:01,833 WARN  身份证读卡器初始化失败 
2021-01-28 22:33:02,344 WARN  身份证读卡器初始化失败 
2021-01-28 22:33:02,855 WARN  身份证读卡器初始化失败 
2021-01-28 22:33:03,365 WARN  身份证读卡器初始化失败 
2021-01-28 22:33:03,878 WARN  身份证读卡器初始化失败 
2021-01-28 22:33:04,393 WARN  身份证读卡器初始化失败 
2021-01-28 22:33:04,902 WARN  身份证读卡器初始化失败 
2021-01-28 22:33:05,414 WARN  身份证读卡器初始化失败 
2021-01-28 22:33:05,924 WARN  身份证读卡器初始化失败 
2021-01-28 22:33:06,434 WARN  身份证读卡器初始化失败 
2021-01-28 22:33:06,945 WARN  身份证读卡器初始化失败 
2021-01-28 22:33:07,456 WARN  身份证读卡器初始化失败 
2021-01-28 22:33:07,967 WARN  身份证读卡器初始化失败 
2021-01-28 22:33:08,479 WARN  身份证读卡器初始化失败 
2021-01-28 22:39:19,964 WARN  Get version failed:未能找到路径“D:\ProjectGit\SignInApp\SignInApp\SignInApp\bin\x86\Debug\upgrade\config.xml”的一部分。 
2021-01-28 22:39:55,986 WARN  Get version failed:未能找到路径“D:\ProjectGit\SignInApp\SignInApp\SignInApp\bin\x86\Debug\upgrade\config.xml”的一部分。 
2021-01-28 22:40:53,102 INFO  zjkhjg001 
2021-01-28 22:40:53,402 INFO  zjkhjg001登录成功 
2021-01-28 22:41:13,539 INFO  获取班级信息成功 
2021-01-28 22:41:13,567 INFO  获取课程信息成功 
2021-01-28 22:41:16,033 INFO  获取课程信息成功 
2021-01-28 22:41:17,446 INFO  获取课程信息成功 
2021-01-28 22:41:17,900 INFO  获取课程信息成功 
2021-01-28 22:41:31,092 WARN  身份证读卡器初始化失败 
2021-01-28 22:41:36,271 WARN  身份证读卡器初始化失败 
2021-01-28 22:41:36,782 WARN  身份证读卡器初始化失败 
2021-01-28 22:41:37,296 WARN  身份证读卡器初始化失败 
2021-01-28 22:41:37,807 WARN  身份证读卡器初始化失败 
2021-01-28 22:41:38,317 WARN  身份证读卡器初始化失败 
2021-01-28 22:41:38,827 WARN  身份证读卡器初始化失败 
2021-01-28 22:41:39,338 WARN  身份证读卡器初始化失败 
2021-01-28 22:41:39,855 WARN  身份证读卡器初始化失败 
2021-01-28 22:41:40,365 WARN  身份证读卡器初始化失败 
2021-01-28 22:41:40,879 WARN  身份证读卡器初始化失败 
2021-01-28 22:41:41,389 WARN  身份证读卡器初始化失败 
2021-01-28 22:41:41,900 WARN  身份证读卡器初始化失败 
2021-01-28 22:41:42,411 WARN  身份证读卡器初始化失败 
2021-01-28 22:41:42,920 WARN  身份证读卡器初始化失败 
2021-01-28 22:41:43,435 WARN  身份证读卡器初始化失败 
2021-01-28 22:41:43,945 WARN  身份证读卡器初始化失败 
2021-01-28 22:41:44,456 WARN  身份证读卡器初始化失败 
2021-01-28 22:41:44,967 WARN  身份证读卡器初始化失败 
2021-01-28 22:41:45,477 WARN  身份证读卡器初始化失败 
2021-01-28 22:41:45,988 WARN  身份证读卡器初始化失败 
2021-01-28 22:41:46,499 WARN  身份证读卡器初始化失败 
2021-01-28 22:41:47,008 WARN  身份证读卡器初始化失败 
2021-01-28 22:41:47,520 WARN  身份证读卡器初始化失败 
2021-01-28 22:41:48,030 WARN  身份证读卡器初始化失败 
2021-01-28 22:41:48,539 WARN  身份证读卡器初始化失败 
2021-01-28 22:41:49,123 WARN  身份证读卡器初始化失败 
2021-01-28 22:41:49,633 WARN  身份证读卡器初始化失败 
2021-01-28 22:41:50,145 WARN  身份证读卡器初始化失败 
2021-01-28 22:41:50,655 WARN  身份证读卡器初始化失败 
2021-01-28 22:41:51,165 WARN  身份证读卡器初始化失败 
2021-01-28 22:41:51,677 WARN  身份证读卡器初始化失败 
2021-01-28 22:41:52,187 WARN  身份证读卡器初始化失败 
2021-01-28 22:41:52,698 WARN  身份证读卡器初始化失败 
2021-01-28 22:41:53,208 WARN  身份证读卡器初始化失败 
2021-01-28 22:41:53,718 WARN  身份证读卡器初始化失败 
2021-01-28 22:41:54,230 WARN  身份证读卡器初始化失败 
2021-01-28 22:41:54,743 WARN  身份证读卡器初始化失败 
2021-01-28 22:41:55,252 WARN  身份证读卡器初始化失败 
2021-01-28 22:41:55,764 WARN  身份证读卡器初始化失败 
2021-01-28 22:41:56,276 WARN  身份证读卡器初始化失败 
2021-01-28 22:41:56,786 WARN  身份证读卡器初始化失败 
2021-01-28 22:41:57,297 WARN  身份证读卡器初始化失败 
2021-01-28 22:41:57,808 WARN  身份证读卡器初始化失败 
2021-01-28 22:41:58,319 WARN  身份证读卡器初始化失败 
2021-01-28 22:41:58,830 WARN  身份证读卡器初始化失败 
2021-01-28 22:41:59,341 WARN  身份证读卡器初始化失败 
2021-01-28 22:41:59,857 WARN  身份证读卡器初始化失败 
2021-01-28 22:42:00,368 WARN  身份证读卡器初始化失败 
2021-01-28 22:42:00,879 WARN  身份证读卡器初始化失败 
2021-01-28 22:42:01,392 WARN  身份证读卡器初始化失败 
2021-01-28 22:42:01,902 WARN  身份证读卡器初始化失败 
2021-01-28 22:42:02,414 WARN  身份证读卡器初始化失败 
2021-01-28 22:42:02,925 WARN  身份证读卡器初始化失败 
2021-01-28 22:42:03,436 WARN  身份证读卡器初始化失败 
2021-01-28 22:42:03,947 WARN  身份证读卡器初始化失败 
2021-01-28 22:42:04,461 WARN  身份证读卡器初始化失败 
2021-01-28 22:42:04,970 WARN  身份证读卡器初始化失败 
2021-01-28 22:42:05,481 WARN  身份证读卡器初始化失败 
2021-01-28 22:42:05,992 WARN  身份证读卡器初始化失败 
2021-01-28 22:42:06,503 WARN  身份证读卡器初始化失败 
2021-01-28 22:42:07,014 WARN  身份证读卡器初始化失败 
2021-01-28 22:42:07,525 WARN  身份证读卡器初始化失败 
2021-01-28 22:42:08,035 WARN  身份证读卡器初始化失败 
2021-01-28 22:42:08,546 WARN  身份证读卡器初始化失败 
2021-01-28 22:42:09,058 WARN  身份证读卡器初始化失败 
2021-01-28 22:42:09,570 WARN  身份证读卡器初始化失败 
2021-01-28 22:42:10,080 WARN  身份证读卡器初始化失败 
2021-01-28 22:42:10,590 WARN  身份证读卡器初始化失败 
2021-01-28 22:42:11,101 WARN  身份证读卡器初始化失败 
2021-01-28 22:42:11,610 WARN  身份证读卡器初始化失败 
2021-01-28 22:42:12,121 WARN  身份证读卡器初始化失败 
2021-01-28 22:42:12,633 WARN  身份证读卡器初始化失败 
2021-01-28 22:42:13,143 WARN  身份证读卡器初始化失败 
2021-01-28 22:42:13,655 WARN  身份证读卡器初始化失败 
2021-01-28 22:42:14,166 WARN  身份证读卡器初始化失败 
2021-01-28 22:42:14,675 WARN  身份证读卡器初始化失败 
2021-01-28 22:42:15,186 WARN  身份证读卡器初始化失败 
2021-01-28 22:42:15,698 WARN  身份证读卡器初始化失败 
2021-01-28 22:42:16,208 WARN  身份证读卡器初始化失败 
2021-01-28 22:42:16,719 WARN  身份证读卡器初始化失败 
2021-01-28 22:42:17,230 WARN  身份证读卡器初始化失败 
2021-01-28 22:42:17,742 WARN  身份证读卡器初始化失败 
2021-01-28 22:42:18,254 WARN  身份证读卡器初始化失败 
2021-01-28 22:42:18,766 WARN  身份证读卡器初始化失败 
2021-01-28 22:42:19,278 WARN  身份证读卡器初始化失败 
2021-01-28 22:42:19,790 WARN  身份证读卡器初始化失败 
2021-01-28 22:42:20,299 WARN  身份证读卡器初始化失败 
2021-01-28 22:42:20,812 WARN  身份证读卡器初始化失败 
2021-01-28 22:42:21,324 WARN  身份证读卡器初始化失败 
2021-01-28 22:42:21,836 WARN  身份证读卡器初始化失败 
2021-01-28 22:42:22,348 WARN  身份证读卡器初始化失败 
2021-01-28 22:42:22,863 WARN  身份证读卡器初始化失败 
2021-01-28 22:42:23,375 WARN  身份证读卡器初始化失败 
2021-01-28 22:42:23,886 WARN  身份证读卡器初始化失败 
2021-01-28 22:42:24,397 WARN  身份证读卡器初始化失败 
2021-01-28 22:42:24,908 WARN  身份证读卡器初始化失败 
2021-01-28 22:42:25,419 WARN  身份证读卡器初始化失败 
2021-01-28 22:42:25,932 WARN  身份证读卡器初始化失败 
2021-01-28 22:42:26,443 WARN  身份证读卡器初始化失败 
2021-01-28 22:42:26,955 WARN  身份证读卡器初始化失败 
2021-01-28 22:42:27,468 WARN  身份证读卡器初始化失败 
2021-01-28 22:42:27,979 WARN  身份证读卡器初始化失败 
2021-01-28 22:42:28,488 WARN  身份证读卡器初始化失败 
2021-01-28 22:42:29,000 WARN  身份证读卡器初始化失败 
2021-01-28 22:42:29,512 WARN  身份证读卡器初始化失败 
2021-01-28 22:42:30,022 WARN  身份证读卡器初始化失败 
2021-01-28 22:42:30,532 WARN  身份证读卡器初始化失败 
2021-01-28 22:42:31,041 WARN  身份证读卡器初始化失败 
2021-01-28 22:42:31,553 WARN  身份证读卡器初始化失败 
2021-01-28 22:42:32,063 WARN  身份证读卡器初始化失败 
2021-01-28 22:42:32,574 WARN  身份证读卡器初始化失败 
2021-01-28 22:42:33,084 WARN  身份证读卡器初始化失败 
2021-01-28 22:42:33,596 WARN  身份证读卡器初始化失败 
2021-01-28 22:42:34,106 WARN  身份证读卡器初始化失败 
2021-01-28 22:42:34,617 WARN  身份证读卡器初始化失败 
2021-01-28 22:42:35,127 WARN  身份证读卡器初始化失败 
2021-01-28 22:42:35,638 WARN  身份证读卡器初始化失败 
2021-01-28 22:42:36,149 WARN  身份证读卡器初始化失败 
2021-01-28 22:42:36,660 WARN  身份证读卡器初始化失败 
2021-01-28 22:42:37,170 WARN  身份证读卡器初始化失败 
2021-01-28 22:42:37,685 WARN  身份证读卡器初始化失败 
2021-01-28 22:42:38,194 WARN  身份证读卡器初始化失败 
2021-01-28 22:42:38,705 WARN  身份证读卡器初始化失败 
2021-01-28 22:42:39,217 WARN  身份证读卡器初始化失败 
2021-01-28 22:42:39,728 WARN  身份证读卡器初始化失败 
2021-01-28 22:42:40,239 WARN  身份证读卡器初始化失败 
2021-01-28 22:42:40,749 WARN  身份证读卡器初始化失败 
2021-01-28 22:42:41,260 WARN  身份证读卡器初始化失败 
2021-01-28 22:42:41,772 WARN  身份证读卡器初始化失败 
2021-01-28 22:42:42,282 WARN  身份证读卡器初始化失败 
2021-01-28 22:42:42,793 WARN  身份证读卡器初始化失败 
2021-01-28 22:42:43,303 WARN  身份证读卡器初始化失败 
2021-01-28 22:42:43,813 WARN  身份证读卡器初始化失败 
2021-01-28 22:42:44,324 WARN  身份证读卡器初始化失败 
2021-01-28 22:42:44,836 WARN  身份证读卡器初始化失败 
2021-01-28 22:42:45,347 WARN  身份证读卡器初始化失败 
2021-01-28 22:42:45,859 WARN  身份证读卡器初始化失败 
2021-01-28 22:42:46,372 WARN  身份证读卡器初始化失败 
2021-01-28 22:42:46,884 WARN  身份证读卡器初始化失败 
2021-01-28 22:42:47,396 WARN  身份证读卡器初始化失败 
2021-01-28 22:42:47,906 WARN  身份证读卡器初始化失败 
2021-01-28 22:42:48,418 WARN  身份证读卡器初始化失败 
2021-01-28 22:42:48,929 WARN  身份证读卡器初始化失败 
2021-01-28 22:42:49,440 WARN  身份证读卡器初始化失败 
2021-01-28 22:42:49,952 WARN  身份证读卡器初始化失败 
2021-01-28 22:42:52,795 WARN  身份证读卡器初始化失败 
2021-01-28 22:42:54,258 WARN  身份证读卡器初始化失败 
2021-01-28 22:42:55,397 WARN  身份证读卡器初始化失败 
2021-01-28 22:42:56,201 WARN  身份证读卡器初始化失败 
2021-01-28 22:42:56,836 WARN  身份证读卡器初始化失败 
2021-01-28 22:42:59,833 WARN  身份证读卡器初始化失败 
2021-01-28 22:43:00,343 WARN  身份证读卡器初始化失败 
2021-01-28 22:43:00,856 WARN  身份证读卡器初始化失败 
2021-01-28 22:43:01,366 WARN  身份证读卡器初始化失败 
2021-01-28 22:43:01,876 WARN  身份证读卡器初始化失败 
2021-01-28 22:43:02,388 WARN  身份证读卡器初始化失败 
2021-01-28 22:43:02,898 WARN  身份证读卡器初始化失败 
2021-01-28 22:43:03,409 WARN  身份证读卡器初始化失败 
2021-01-28 22:43:03,920 WARN  身份证读卡器初始化失败 
2021-01-28 22:43:04,430 WARN  身份证读卡器初始化失败 
2021-01-28 22:43:04,941 WARN  身份证读卡器初始化失败 
2021-01-28 22:43:05,450 WARN  身份证读卡器初始化失败 
2021-01-28 22:43:05,960 WARN  身份证读卡器初始化失败 
2021-01-28 22:43:06,471 WARN  身份证读卡器初始化失败 
2021-01-28 22:43:06,982 WARN  身份证读卡器初始化失败 
2021-01-28 22:43:07,495 WARN  身份证读卡器初始化失败 
2021-01-28 22:43:08,006 WARN  身份证读卡器初始化失败 
2021-01-28 22:43:08,516 WARN  身份证读卡器初始化失败 
2021-01-28 22:43:09,036 WARN  身份证读卡器初始化失败 
2021-01-28 22:43:09,555 WARN  身份证读卡器初始化失败 
2021-01-28 22:43:10,066 WARN  身份证读卡器初始化失败 
2021-01-28 22:43:10,579 WARN  身份证读卡器初始化失败 
2021-01-28 22:43:11,091 WARN  身份证读卡器初始化失败 
2021-01-28 22:43:11,601 WARN  身份证读卡器初始化失败 
2021-01-28 22:43:12,111 WARN  身份证读卡器初始化失败 
2021-01-28 22:43:12,621 WARN  身份证读卡器初始化失败 
2021-01-28 22:43:13,132 WARN  身份证读卡器初始化失败 
2021-01-28 22:43:13,642 WARN  身份证读卡器初始化失败 
2021-01-28 22:43:14,152 WARN  身份证读卡器初始化失败 
2021-01-28 22:43:14,663 WARN  身份证读卡器初始化失败 
2021-01-28 22:43:15,173 WARN  身份证读卡器初始化失败 
2021-01-28 22:43:15,683 WARN  身份证读卡器初始化失败 
2021-01-28 22:43:16,193 WARN  身份证读卡器初始化失败 
2021-01-28 22:43:16,705 WARN  身份证读卡器初始化失败 
2021-01-28 22:43:17,215 WARN  身份证读卡器初始化失败 
2021-01-28 22:43:17,726 WARN  身份证读卡器初始化失败 
2021-01-28 22:43:18,235 WARN  身份证读卡器初始化失败 
2021-01-28 22:43:18,747 WARN  身份证读卡器初始化失败 
2021-01-28 22:43:19,257 WARN  身份证读卡器初始化失败 
2021-01-28 22:43:19,767 WARN  身份证读卡器初始化失败 
2021-01-28 22:43:20,278 WARN  身份证读卡器初始化失败 
2021-01-28 22:43:20,788 WARN  身份证读卡器初始化失败 
2021-01-28 22:43:21,298 WARN  身份证读卡器初始化失败 
2021-01-28 22:43:21,809 WARN  身份证读卡器初始化失败 
2021-01-28 22:43:22,319 WARN  身份证读卡器初始化失败 
2021-01-28 22:43:22,828 WARN  身份证读卡器初始化失败 
2021-01-28 22:43:23,340 WARN  身份证读卡器初始化失败 
2021-01-28 22:43:23,850 WARN  身份证读卡器初始化失败 
2021-01-28 22:43:24,361 WARN  身份证读卡器初始化失败 
2021-01-28 22:43:24,872 WARN  身份证读卡器初始化失败 
2021-01-28 22:43:25,383 WARN  身份证读卡器初始化失败 
2021-01-28 22:43:25,894 WARN  身份证读卡器初始化失败 
2021-01-28 22:43:26,414 WARN  身份证读卡器初始化失败 
2021-01-28 22:43:26,927 WARN  身份证读卡器初始化失败 
2021-01-28 22:43:27,439 WARN  身份证读卡器初始化失败 
2021-01-28 22:43:27,949 WARN  身份证读卡器初始化失败 
2021-01-28 22:43:28,460 WARN  身份证读卡器初始化失败 
2021-01-28 22:43:28,970 WARN  身份证读卡器初始化失败 
2021-01-28 22:43:29,479 WARN  身份证读卡器初始化失败 
2021-01-28 22:43:29,992 WARN  身份证读卡器初始化失败 
2021-01-28 22:43:30,502 WARN  身份证读卡器初始化失败 
2021-01-28 22:43:31,012 WARN  身份证读卡器初始化失败 
2021-01-28 22:43:31,523 WARN  身份证读卡器初始化失败 
2021-01-28 22:43:32,034 WARN  身份证读卡器初始化失败 
2021-01-28 22:43:32,544 WARN  身份证读卡器初始化失败 
2021-01-28 22:43:33,056 WARN  身份证读卡器初始化失败 
2021-01-28 22:43:33,567 WARN  身份证读卡器初始化失败 
2021-01-28 22:43:34,078 WARN  身份证读卡器初始化失败 
2021-01-28 22:43:34,589 WARN  身份证读卡器初始化失败 
2021-01-28 22:43:35,098 WARN  身份证读卡器初始化失败 
2021-01-28 22:43:35,611 WARN  身份证读卡器初始化失败 
2021-01-28 22:46:50,050 WARN  Get version failed:未能找到路径“D:\ProjectGit\SignInApp\SignInApp\SignInApp\bin\x86\Debug\upgrade\config.xml”的一部分。 
2021-01-28 22:46:56,307 INFO  zjkhjg001 
2021-01-28 22:46:57,884 INFO  zjkhjg001登录成功 
2021-01-28 22:47:02,764 INFO  获取班级信息成功 
2021-01-28 22:47:02,808 INFO  获取课程信息成功 
2021-01-28 22:47:04,735 INFO  获取课程信息成功 
2021-01-28 22:47:08,150 WARN  身份证读卡器初始化失败 
2021-01-28 22:47:08,663 WARN  身份证读卡器初始化失败 
2021-01-28 22:47:09,173 WARN  身份证读卡器初始化失败 
2021-01-28 22:47:09,690 WARN  身份证读卡器初始化失败 
2021-01-28 22:47:10,206 WARN  身份证读卡器初始化失败 
2021-01-28 22:47:10,719 WARN  身份证读卡器初始化失败 
2021-01-28 22:47:11,232 WARN  身份证读卡器初始化失败 
2021-01-28 22:47:11,744 WARN  身份证读卡器初始化失败 
2021-01-28 22:47:12,256 WARN  身份证读卡器初始化失败 
2021-01-28 22:47:12,769 WARN  身份证读卡器初始化失败 
2021-01-28 22:47:13,278 WARN  身份证读卡器初始化失败 
2021-01-28 22:47:13,792 WARN  身份证读卡器初始化失败 
2021-01-28 22:47:14,303 WARN  身份证读卡器初始化失败 
2021-01-28 22:47:14,814 WARN  身份证读卡器初始化失败 
2021-01-28 22:47:15,332 WARN  身份证读卡器初始化失败 
2021-01-28 22:47:15,842 WARN  身份证读卡器初始化失败 
2021-01-28 22:47:16,356 WARN  身份证读卡器初始化失败 
2021-01-28 22:47:16,869 WARN  身份证读卡器初始化失败 
2021-01-28 22:47:17,381 WARN  身份证读卡器初始化失败 
2021-01-28 22:47:17,897 WARN  身份证读卡器初始化失败 
2021-01-28 22:47:18,413 WARN  身份证读卡器初始化失败 
2021-01-28 22:47:18,926 WARN  身份证读卡器初始化失败 
2021-01-28 22:47:19,440 WARN  身份证读卡器初始化失败 
2021-01-28 22:47:19,954 WARN  身份证读卡器初始化失败 
2021-01-28 22:47:20,466 WARN  身份证读卡器初始化失败 
2021-01-28 22:47:20,992 WARN  身份证读卡器初始化失败 
2021-01-28 22:47:21,503 WARN  身份证读卡器初始化失败 
2021-01-28 22:47:22,017 WARN  身份证读卡器初始化失败 
2021-01-28 22:47:22,528 WARN  身份证读卡器初始化失败 
2021-01-28 22:47:23,038 WARN  身份证读卡器初始化失败 
2021-01-28 22:47:23,549 WARN  身份证读卡器初始化失败 
2021-01-28 22:47:24,062 WARN  身份证读卡器初始化失败 
2021-01-28 22:47:24,572 WARN  身份证读卡器初始化失败 
2021-01-28 22:47:25,083 WARN  身份证读卡器初始化失败 
2021-01-28 22:47:25,593 WARN  身份证读卡器初始化失败 
2021-01-28 22:47:26,104 WARN  身份证读卡器初始化失败 
2021-01-28 22:47:26,614 WARN  身份证读卡器初始化失败 
2021-01-28 22:47:27,125 WARN  身份证读卡器初始化失败 
2021-01-28 22:47:27,636 WARN  身份证读卡器初始化失败 
2021-01-28 22:47:28,147 WARN  身份证读卡器初始化失败 
2021-01-28 22:47:28,661 WARN  身份证读卡器初始化失败 
2021-01-28 22:47:29,170 WARN  身份证读卡器初始化失败 
2021-01-28 22:47:29,681 WARN  身份证读卡器初始化失败 
2021-01-28 22:47:30,194 WARN  身份证读卡器初始化失败 
2021-01-28 22:47:30,709 WARN  身份证读卡器初始化失败 
2021-01-28 22:47:31,223 WARN  身份证读卡器初始化失败 
2021-01-28 22:47:31,732 WARN  身份证读卡器初始化失败 
2021-01-28 22:47:32,246 WARN  身份证读卡器初始化失败 
2021-01-28 22:47:32,760 WARN  身份证读卡器初始化失败 
2021-01-28 22:47:33,270 WARN  身份证读卡器初始化失败 
2021-01-28 22:47:33,782 WARN  身份证读卡器初始化失败 
2021-01-28 22:47:34,293 WARN  身份证读卡器初始化失败 
2021-01-28 22:47:34,803 WARN  身份证读卡器初始化失败 
2021-01-28 22:47:35,314 WARN  身份证读卡器初始化失败 
2021-01-28 22:47:35,825 WARN  身份证读卡器初始化失败 
2021-01-28 22:47:36,335 WARN  身份证读卡器初始化失败 
2021-01-28 22:47:36,844 WARN  身份证读卡器初始化失败 
2021-01-28 22:47:37,354 WARN  身份证读卡器初始化失败 
2021-01-28 22:47:37,869 WARN  身份证读卡器初始化失败 
2021-01-28 22:47:38,379 WARN  身份证读卡器初始化失败 
2021-01-28 22:47:38,889 WARN  身份证读卡器初始化失败 
2021-01-28 22:47:39,401 WARN  身份证读卡器初始化失败 
2021-01-28 22:47:39,912 WARN  身份证读卡器初始化失败 
2021-01-28 22:47:40,424 WARN  身份证读卡器初始化失败 
2021-01-28 22:47:40,939 WARN  身份证读卡器初始化失败 
2021-01-28 22:47:41,450 WARN  身份证读卡器初始化失败 
2021-01-28 22:47:41,961 WARN  身份证读卡器初始化失败 
2021-01-28 22:47:42,472 WARN  身份证读卡器初始化失败 
2021-01-28 22:47:42,981 WARN  身份证读卡器初始化失败 
2021-01-28 22:47:43,494 WARN  身份证读卡器初始化失败 
2021-01-28 22:47:44,019 WARN  身份证读卡器初始化失败 
2021-01-28 22:47:44,533 WARN  身份证读卡器初始化失败 
2021-01-28 22:47:45,045 WARN  身份证读卡器初始化失败 
2021-01-28 22:47:45,559 WARN  身份证读卡器初始化失败 
2021-01-28 22:47:46,069 WARN  身份证读卡器初始化失败 
2021-01-28 22:47:46,579 WARN  身份证读卡器初始化失败 
2021-01-28 22:47:47,093 WARN  身份证读卡器初始化失败 
2021-01-28 22:47:47,611 WARN  身份证读卡器初始化失败 
2021-01-28 22:47:48,124 WARN  身份证读卡器初始化失败 
2021-01-28 22:47:48,643 WARN  身份证读卡器初始化失败 
2021-01-28 22:47:49,160 WARN  身份证读卡器初始化失败 
2021-01-28 22:47:49,674 WARN  身份证读卡器初始化失败 
2021-01-28 22:47:50,187 WARN  身份证读卡器初始化失败 
2021-01-28 22:47:50,698 WARN  身份证读卡器初始化失败 
2021-01-28 22:47:53,536 WARN  身份证读卡器初始化失败 
2021-01-28 22:47:55,043 WARN  身份证读卡器初始化失败 
2021-01-28 22:47:55,660 WARN  身份证读卡器初始化失败 
2021-01-28 22:48:02,988 WARN  身份证读卡器初始化失败 
2021-01-28 22:48:03,499 WARN  身份证读卡器初始化失败 
2021-01-28 22:48:04,017 WARN  身份证读卡器初始化失败 
2021-01-28 22:48:04,535 WARN  身份证读卡器初始化失败 
2021-01-28 22:48:05,079 WARN  身份证读卡器初始化失败 
2021-01-28 22:48:05,603 WARN  身份证读卡器初始化失败 
2021-01-28 22:48:06,165 WARN  身份证读卡器初始化失败 
2021-01-28 22:48:06,692 WARN  身份证读卡器初始化失败 
2021-01-28 22:48:07,246 WARN  身份证读卡器初始化失败 
2021-01-28 22:48:07,765 WARN  身份证读卡器初始化失败 
2021-01-28 22:48:08,281 WARN  身份证读卡器初始化失败 
2021-01-28 22:48:08,799 WARN  身份证读卡器初始化失败 
2021-01-28 22:48:09,315 WARN  身份证读卡器初始化失败 
2021-01-28 22:49:02,948 WARN  身份证读卡器初始化失败 
2021-01-28 22:49:06,574 WARN  身份证读卡器初始化失败 
2021-01-28 22:49:07,088 WARN  身份证读卡器初始化失败 
2021-01-28 22:49:07,598 WARN  身份证读卡器初始化失败 
2021-01-28 22:49:08,110 WARN  身份证读卡器初始化失败 
2021-01-28 22:49:08,619 WARN  身份证读卡器初始化失败 
2021-01-28 22:49:09,131 WARN  身份证读卡器初始化失败 
2021-01-28 22:49:09,642 WARN  身份证读卡器初始化失败 
2021-01-28 22:49:10,153 WARN  身份证读卡器初始化失败 
2021-01-28 22:49:10,664 WARN  身份证读卡器初始化失败 
2021-01-28 22:49:11,179 WARN  身份证读卡器初始化失败 
2021-01-28 22:49:11,694 WARN  身份证读卡器初始化失败 
2021-01-28 22:49:12,206 WARN  身份证读卡器初始化失败 
2021-01-28 22:49:12,718 WARN  身份证读卡器初始化失败 
2021-01-28 22:49:13,233 WARN  身份证读卡器初始化失败 
2021-01-28 22:49:13,747 WARN  身份证读卡器初始化失败 
2021-01-28 22:49:14,261 WARN  身份证读卡器初始化失败 
2021-01-28 22:49:14,773 WARN  身份证读卡器初始化失败 
2021-01-28 22:49:15,285 WARN  身份证读卡器初始化失败 
2021-01-28 22:49:15,796 WARN  身份证读卡器初始化失败 
2021-01-28 22:49:16,306 WARN  身份证读卡器初始化失败 
2021-01-28 22:49:16,820 WARN  身份证读卡器初始化失败 
2021-01-28 22:49:17,332 WARN  身份证读卡器初始化失败 
2021-01-28 22:49:17,843 WARN  身份证读卡器初始化失败 
2021-01-28 22:49:18,353 WARN  身份证读卡器初始化失败 
2021-01-28 22:49:18,865 WARN  身份证读卡器初始化失败 
2021-01-28 22:49:19,375 WARN  身份证读卡器初始化失败 
2021-01-28 22:49:19,884 WARN  身份证读卡器初始化失败 
2021-01-28 22:49:20,395 WARN  身份证读卡器初始化失败 
2021-01-28 22:49:20,907 WARN  身份证读卡器初始化失败 
2021-01-28 22:49:21,418 WARN  身份证读卡器初始化失败 
2021-01-28 22:49:21,928 WARN  身份证读卡器初始化失败 
2021-01-28 22:49:22,439 WARN  身份证读卡器初始化失败 
2021-01-28 22:49:22,950 WARN  身份证读卡器初始化失败 
2021-01-28 22:49:23,460 WARN  身份证读卡器初始化失败 
2021-01-28 22:49:23,969 WARN  身份证读卡器初始化失败 
2021-01-28 22:49:24,481 WARN  身份证读卡器初始化失败 
2021-01-28 22:49:24,991 WARN  身份证读卡器初始化失败 
2021-01-28 22:49:25,501 WARN  身份证读卡器初始化失败 
2021-01-28 22:49:26,012 WARN  身份证读卡器初始化失败 
2021-01-28 22:49:26,527 WARN  身份证读卡器初始化失败 
2021-01-28 22:49:27,040 WARN  身份证读卡器初始化失败 
2021-01-28 22:49:27,552 WARN  身份证读卡器初始化失败 
2021-01-28 22:49:28,062 WARN  身份证读卡器初始化失败 
2021-01-28 22:49:28,574 WARN  身份证读卡器初始化失败 
2021-01-28 22:49:29,085 WARN  身份证读卡器初始化失败 
2021-01-28 22:49:29,595 WARN  身份证读卡器初始化失败 
2021-01-28 22:49:30,109 WARN  身份证读卡器初始化失败 
2021-01-28 22:49:30,620 WARN  身份证读卡器初始化失败 
2021-01-28 22:49:31,134 WARN  身份证读卡器初始化失败 
2021-01-28 22:49:31,644 WARN  身份证读卡器初始化失败 
2021-01-28 22:49:32,153 WARN  身份证读卡器初始化失败 
2021-01-28 22:49:32,665 WARN  身份证读卡器初始化失败 
2021-01-28 22:49:33,177 WARN  身份证读卡器初始化失败 
2021-01-28 22:49:33,689 WARN  身份证读卡器初始化失败 
2021-01-28 22:49:34,199 WARN  身份证读卡器初始化失败 
2021-01-28 22:49:34,712 WARN  身份证读卡器初始化失败 
2021-01-28 22:49:35,230 WARN  身份证读卡器初始化失败 
2021-01-28 22:49:35,748 WARN  身份证读卡器初始化失败 
2021-01-28 22:49:36,263 WARN  身份证读卡器初始化失败 
2021-01-28 22:49:36,778 WARN  身份证读卡器初始化失败 
2021-01-28 22:49:37,294 WARN  身份证读卡器初始化失败 
2021-01-28 22:49:37,806 WARN  身份证读卡器初始化失败 
2021-01-28 22:49:51,096 INFO  获取身份证信息成功 
2021-01-28 22:49:56,759 WARN  身份证读卡器注册失败 
2021-01-28 22:49:57,263 WARN  身份证读卡器注册失败 
2021-01-28 22:49:57,770 WARN  身份证读卡器注册失败 
2021-01-28 22:49:58,275 WARN  身份证读卡器注册失败 
2021-01-28 22:49:58,798 WARN  身份证读卡器注册失败 
2021-01-28 22:49:59,321 WARN  身份证读卡器注册失败 
2021-01-28 22:49:59,844 WARN  身份证读卡器注册失败 
2021-01-28 22:50:00,367 WARN  身份证读卡器注册失败 
2021-01-28 22:50:00,890 WARN  身份证读卡器注册失败 
2021-01-28 22:50:01,414 WARN  身份证读卡器注册失败 
2021-01-28 22:50:01,937 WARN  身份证读卡器注册失败 
2021-01-28 22:50:02,460 WARN  身份证读卡器注册失败 
2021-01-28 22:50:02,983 WARN  身份证读卡器注册失败 
2021-01-28 22:50:03,505 WARN  身份证读卡器注册失败 
2021-01-28 22:50:04,028 WARN  身份证读卡器注册失败 
2021-01-28 22:50:04,551 WARN  身份证读卡器注册失败 
2021-01-28 22:50:05,073 WARN  身份证读卡器注册失败 
2021-01-28 22:50:05,596 WARN  身份证读卡器注册失败 
2021-01-28 22:50:06,119 WARN  身份证读卡器注册失败 
2021-01-28 22:50:06,643 WARN  身份证读卡器注册失败 
2021-01-28 22:50:07,166 WARN  身份证读卡器注册失败 
2021-01-28 22:50:07,688 WARN  身份证读卡器注册失败 
2021-01-28 22:50:08,212 WARN  身份证读卡器注册失败 
2021-01-28 22:50:08,734 WARN  身份证读卡器注册失败 
2021-01-28 22:50:09,257 WARN  身份证读卡器注册失败 
2021-01-28 22:50:09,780 WARN  身份证读卡器注册失败 
2021-01-28 22:50:10,302 WARN  身份证读卡器注册失败 
2021-01-28 22:50:10,826 WARN  身份证读卡器注册失败 
2021-01-28 22:50:11,351 WARN  身份证读卡器注册失败 
2021-01-28 22:50:11,875 WARN  身份证读卡器注册失败 
2021-01-28 22:50:12,400 WARN  身份证读卡器注册失败 
2021-01-28 22:50:13,497 INFO  获取身份证信息成功 
2021-01-28 22:50:22,570 WARN  身份证读卡器注册失败 
2021-01-28 22:50:23,094 WARN  身份证读卡器注册失败 
2021-01-28 22:50:23,619 WARN  身份证读卡器注册失败 
2021-01-28 22:50:24,143 WARN  身份证读卡器注册失败 
2021-01-28 22:50:24,667 WARN  身份证读卡器注册失败 
2021-01-28 22:50:25,190 WARN  身份证读卡器注册失败 
2021-01-28 22:50:25,713 WARN  身份证读卡器注册失败 
2021-01-28 22:50:26,236 WARN  身份证读卡器注册失败 
2021-01-28 22:50:26,759 WARN  身份证读卡器注册失败 
2021-01-28 22:50:27,282 WARN  身份证读卡器注册失败 
2021-01-28 22:50:27,807 WARN  身份证读卡器注册失败 
2021-01-28 22:50:28,329 WARN  身份证读卡器注册失败 
2021-01-28 22:50:28,851 WARN  身份证读卡器注册失败 
2021-01-28 22:50:29,375 WARN  身份证读卡器注册失败 
2021-01-28 22:50:29,898 WARN  身份证读卡器注册失败 
2021-01-28 22:50:30,421 WARN  身份证读卡器注册失败 
2021-01-28 22:50:30,944 WARN  身份证读卡器注册失败 
2021-01-28 22:50:31,468 WARN  身份证读卡器注册失败 
2021-01-28 22:50:31,992 WARN  身份证读卡器注册失败 
2021-01-28 22:50:32,515 WARN  身份证读卡器注册失败 
2021-01-28 22:50:33,038 WARN  身份证读卡器注册失败 
2021-01-28 22:50:33,563 WARN  身份证读卡器注册失败 
2021-01-28 22:50:34,088 WARN  身份证读卡器注册失败 
2021-01-28 22:50:34,611 WARN  身份证读卡器注册失败 
2021-01-28 22:50:35,136 WARN  身份证读卡器注册失败 
2021-01-28 22:50:35,659 WARN  身份证读卡器注册失败 
2021-01-28 22:50:36,756 INFO  获取身份证信息成功 
2021-01-28 22:50:57,503 WARN  身份证读卡器注册失败 
2021-01-28 22:50:58,026 WARN  身份证读卡器注册失败 
2021-01-28 22:50:58,550 WARN  身份证读卡器注册失败 
2021-01-28 22:50:59,074 WARN  身份证读卡器注册失败 
2021-01-28 22:50:59,596 WARN  身份证读卡器注册失败 
2021-01-28 22:51:00,119 WARN  身份证读卡器注册失败 
2021-01-28 22:51:00,642 WARN  身份证读卡器注册失败 
2021-01-28 22:51:01,165 WARN  身份证读卡器注册失败 
2021-01-28 22:51:01,688 WARN  身份证读卡器注册失败 
2021-01-28 22:51:02,211 WARN  身份证读卡器注册失败 
2021-01-28 22:51:02,736 WARN  身份证读卡器注册失败 
2021-01-28 22:51:03,259 WARN  身份证读卡器注册失败 
2021-01-28 22:51:03,782 WARN  身份证读卡器注册失败 
2021-01-28 22:51:04,306 WARN  身份证读卡器注册失败 
2021-01-28 22:51:04,828 WARN  身份证读卡器注册失败 
2021-01-28 22:51:05,351 WARN  身份证读卡器注册失败 
2021-01-28 22:51:05,876 WARN  身份证读卡器注册失败 
2021-01-28 22:51:06,399 WARN  身份证读卡器注册失败 
2021-01-28 22:51:06,922 WARN  身份证读卡器注册失败 
2021-01-28 22:51:07,445 WARN  身份证读卡器注册失败 
2021-01-28 22:51:07,968 WARN  身份证读卡器注册失败 
2021-01-28 22:51:08,490 WARN  身份证读卡器注册失败 
2021-01-28 22:51:09,015 WARN  身份证读卡器注册失败 
2021-01-28 22:51:09,539 WARN  身份证读卡器注册失败 
2021-01-28 22:51:10,065 WARN  身份证读卡器注册失败 
2021-01-28 22:51:10,589 WARN  身份证读卡器注册失败 
2021-01-28 22:51:11,113 WARN  身份证读卡器注册失败 
2021-01-28 22:51:11,636 WARN  身份证读卡器注册失败 
2021-01-28 22:51:12,159 WARN  身份证读卡器注册失败 
2021-01-28 22:51:12,682 WARN  身份证读卡器注册失败 
2021-01-28 22:51:13,207 WARN  身份证读卡器注册失败 
2021-01-28 22:51:13,731 WARN  身份证读卡器注册失败 
2021-01-28 22:51:14,254 WARN  身份证读卡器注册失败 
2021-01-28 22:51:14,778 WARN  身份证读卡器注册失败 
2021-01-28 22:51:15,300 WARN  身份证读卡器注册失败 
2021-01-28 22:51:15,825 WARN  身份证读卡器注册失败 
2021-01-28 22:51:16,347 WARN  身份证读卡器注册失败 
2021-01-28 22:51:16,872 WARN  身份证读卡器注册失败 
2021-01-28 22:51:17,395 WARN  身份证读卡器注册失败 
2021-01-28 22:51:17,919 WARN  身份证读卡器注册失败 
2021-01-28 22:51:18,445 WARN  身份证读卡器注册失败 
2021-01-28 22:51:18,968 WARN  身份证读卡器注册失败 
2021-01-28 22:51:19,491 WARN  身份证读卡器注册失败 
2021-01-28 22:51:20,015 WARN  身份证读卡器注册失败 
2021-01-28 22:51:20,537 WARN  身份证读卡器注册失败 
2021-01-28 22:51:21,062 WARN  身份证读卡器注册失败 
2021-01-28 22:51:21,585 WARN  身份证读卡器注册失败 
2021-01-28 22:51:22,109 WARN  身份证读卡器注册失败 
2021-01-28 22:51:22,633 WARN  身份证读卡器注册失败 
2021-01-28 22:51:23,158 WARN  身份证读卡器注册失败 
2021-01-28 22:51:23,681 WARN  身份证读卡器注册失败 
2021-01-28 22:51:24,203 WARN  身份证读卡器注册失败 
2021-01-28 22:51:24,726 WARN  身份证读卡器注册失败 
2021-01-28 22:51:25,251 WARN  身份证读卡器注册失败 
2021-01-28 22:51:25,775 WARN  身份证读卡器注册失败 
2021-01-28 22:51:26,300 WARN  身份证读卡器注册失败 
2021-01-28 22:51:26,824 WARN  身份证读卡器注册失败 
2021-01-28 22:51:27,347 WARN  身份证读卡器注册失败 
2021-01-28 22:51:27,871 WARN  身份证读卡器注册失败 
2021-01-28 22:51:28,395 WARN  身份证读卡器注册失败 
2021-01-28 22:51:29,181 WARN  身份证读卡器注册失败 
2021-01-28 22:51:29,704 WARN  身份证读卡器注册失败 
2021-01-28 22:51:30,228 WARN  身份证读卡器注册失败 
2021-01-28 22:51:30,752 WARN  身份证读卡器注册失败 
2021-01-28 22:51:31,275 WARN  身份证读卡器注册失败 
2021-01-28 22:51:31,798 WARN  身份证读卡器注册失败 
2021-01-28 22:51:32,321 WARN  身份证读卡器注册失败 
2021-01-28 22:51:32,844 WARN  身份证读卡器注册失败 
2021-01-28 22:51:33,369 WARN  身份证读卡器注册失败 
2021-01-28 22:51:33,891 WARN  身份证读卡器注册失败 
2021-01-28 22:51:34,558 WARN  身份证读卡器注册失败 
2021-01-28 22:51:35,081 WARN  身份证读卡器注册失败 
2021-01-28 22:51:35,605 WARN  身份证读卡器注册失败 
2021-01-28 22:51:36,128 WARN  身份证读卡器注册失败 
2021-01-28 22:51:36,651 WARN  身份证读卡器注册失败 
2021-01-28 22:51:37,174 WARN  身份证读卡器注册失败 
2021-01-28 22:51:37,697 WARN  身份证读卡器注册失败 
2021-01-28 22:51:38,222 WARN  身份证读卡器注册失败 
2021-01-28 22:51:38,747 WARN  身份证读卡器注册失败 
2021-01-28 22:51:39,270 WARN  身份证读卡器注册失败 
2021-01-28 22:51:39,793 WARN  身份证读卡器注册失败 
2021-01-28 22:51:40,315 WARN  身份证读卡器注册失败 
2021-01-28 22:51:40,838 WARN  身份证读卡器注册失败 
2021-01-28 22:51:41,362 WARN  身份证读卡器注册失败 
2021-01-28 22:51:41,885 WARN  身份证读卡器注册失败 
2021-01-28 22:51:42,409 WARN  身份证读卡器注册失败 
2021-01-28 22:51:42,934 WARN  身份证读卡器注册失败 
2021-01-28 22:51:43,459 WARN  身份证读卡器注册失败 
2021-01-28 22:51:43,985 WARN  身份证读卡器注册失败 
2021-01-28 22:51:44,510 WARN  身份证读卡器注册失败 
2021-01-28 22:51:45,033 WARN  身份证读卡器注册失败 
2021-01-28 22:51:45,556 WARN  身份证读卡器注册失败 
2021-01-28 22:51:46,079 WARN  身份证读卡器注册失败 
2021-01-28 22:52:14,877 WARN  Get version failed:未能找到路径“D:\ProjectGit\SignInApp\SignInApp\SignInApp\bin\x86\Debug\upgrade\config.xml”的一部分。 
2021-01-28 22:52:16,885 INFO  zjkhjg001 
2021-01-28 22:52:17,207 INFO  zjkhjg001登录成功 
2021-01-28 22:52:23,753 INFO  获取班级信息成功 
2021-01-28 22:52:23,792 INFO  获取课程信息成功 
2021-01-28 22:52:25,232 INFO  获取课程信息成功 
2021-01-28 22:52:29,446 WARN  身份证读卡器注册失败 
2021-01-28 22:52:29,970 WARN  身份证读卡器注册失败 
2021-01-28 22:52:30,494 WARN  身份证读卡器注册失败 
2021-01-28 22:52:31,017 WARN  身份证读卡器注册失败 
2021-01-28 22:52:31,543 WARN  身份证读卡器注册失败 
2021-01-28 22:52:32,067 WARN  身份证读卡器注册失败 
2021-01-28 22:52:32,590 WARN  身份证读卡器注册失败 
2021-01-28 22:52:33,114 WARN  身份证读卡器注册失败 
2021-01-28 22:52:34,210 INFO  获取身份证信息成功 
2021-01-28 22:52:59,444 WARN  远程服务器返回错误: (500) 内部服务器错误。 
2021-01-28 22:52:59,466 WARN  身份证读卡器注册失败 
2021-01-28 22:52:59,988 WARN  身份证读卡器注册失败 
2021-01-28 22:53:00,513 WARN  身份证读卡器注册失败 
2021-01-28 22:53:01,037 WARN  身份证读卡器注册失败 
2021-01-28 22:53:01,560 WARN  身份证读卡器注册失败 
2021-01-28 22:53:02,084 WARN  身份证读卡器注册失败 
2021-01-28 22:53:03,283 WARN  身份证读卡器注册失败 
2021-01-28 22:53:03,807 WARN  身份证读卡器注册失败 
2021-01-28 22:53:04,331 WARN  身份证读卡器注册失败 
2021-01-28 22:53:04,856 WARN  身份证读卡器注册失败 
2021-01-28 22:53:05,438 WARN  身份证读卡器注册失败 
2021-01-28 22:53:05,960 WARN  身份证读卡器注册失败 
2021-01-28 22:53:06,483 WARN  身份证读卡器注册失败 
2021-01-28 22:53:07,005 WARN  身份证读卡器注册失败 
2021-01-28 22:53:07,530 WARN  身份证读卡器注册失败 
2021-01-28 22:53:08,053 WARN  身份证读卡器注册失败 
2021-01-28 22:53:08,577 WARN  身份证读卡器注册失败 
2021-01-28 22:53:09,102 WARN  身份证读卡器注册失败 
2021-01-28 22:53:09,625 WARN  身份证读卡器注册失败 
2021-01-28 22:53:10,150 WARN  身份证读卡器注册失败 
2021-01-28 22:53:10,674 WARN  身份证读卡器注册失败 
2021-01-28 22:53:11,196 WARN  身份证读卡器注册失败 
2021-01-28 22:53:11,721 WARN  身份证读卡器注册失败 
2021-01-28 22:53:12,243 WARN  身份证读卡器注册失败 
2021-01-28 22:53:12,767 WARN  身份证读卡器注册失败 
2021-01-28 22:53:13,290 WARN  身份证读卡器注册失败 
2021-01-28 22:53:13,814 WARN  身份证读卡器注册失败 
2021-01-28 22:53:14,337 WARN  身份证读卡器注册失败 
2021-01-28 22:53:14,859 WARN  身份证读卡器注册失败 
2021-01-28 22:53:15,382 WARN  身份证读卡器注册失败 
2021-01-28 22:53:15,905 WARN  身份证读卡器注册失败 
2021-01-28 22:53:16,428 WARN  身份证读卡器注册失败 
2021-01-28 22:53:16,951 WARN  身份证读卡器注册失败 
2021-01-28 22:53:17,473 WARN  身份证读卡器注册失败 
2021-01-28 22:53:17,996 WARN  身份证读卡器注册失败 
2021-01-28 22:53:18,521 WARN  身份证读卡器注册失败 
2021-01-28 22:53:19,044 WARN  身份证读卡器注册失败 
2021-01-28 22:53:19,569 WARN  身份证读卡器注册失败 
2021-01-28 22:53:20,092 WARN  身份证读卡器注册失败 
2021-01-28 22:53:20,615 WARN  身份证读卡器注册失败 
2021-01-28 22:53:21,138 WARN  身份证读卡器注册失败 
2021-01-28 22:53:21,660 WARN  身份证读卡器注册失败 
2021-01-28 22:53:22,183 WARN  身份证读卡器注册失败 
2021-01-28 22:53:22,706 WARN  身份证读卡器注册失败 
2021-01-28 22:53:23,229 WARN  身份证读卡器注册失败 
2021-01-28 22:53:23,753 WARN  身份证读卡器注册失败 
2021-01-28 22:53:24,275 WARN  身份证读卡器注册失败 
2021-01-28 22:53:24,800 WARN  身份证读卡器注册失败 
2021-01-28 22:53:25,324 WARN  身份证读卡器注册失败 
2021-01-28 22:53:25,848 WARN  身份证读卡器注册失败 
2021-01-28 22:53:26,371 WARN  身份证读卡器注册失败 
2021-01-28 22:53:26,894 WARN  身份证读卡器注册失败 
2021-01-28 22:53:27,419 WARN  身份证读卡器注册失败 
2021-01-28 22:53:27,944 WARN  身份证读卡器注册失败 
2021-01-28 22:53:28,468 WARN  身份证读卡器注册失败 
2021-01-28 22:53:28,992 WARN  身份证读卡器注册失败 
2021-01-28 22:53:30,088 INFO  获取身份证信息成功 
2021-01-28 22:53:59,090 WARN  远程服务器返回错误: (500) 内部服务器错误。 
2021-01-28 22:53:59,115 WARN  身份证读卡器初始化失败 
2021-01-28 22:53:59,632 WARN  身份证读卡器初始化失败 
2021-01-28 22:54:00,149 WARN  身份证读卡器初始化失败 
2021-01-28 22:54:00,659 WARN  身份证读卡器初始化失败 
2021-01-28 22:54:01,172 WARN  身份证读卡器初始化失败 
2021-01-28 22:54:01,681 WARN  身份证读卡器初始化失败 
2021-01-28 22:54:02,193 WARN  身份证读卡器初始化失败 
2021-01-28 22:54:02,704 WARN  身份证读卡器初始化失败 
2021-01-28 22:54:03,213 WARN  身份证读卡器初始化失败 
2021-01-28 22:54:03,725 WARN  身份证读卡器初始化失败 
2021-01-28 22:54:04,236 WARN  身份证读卡器初始化失败 
2021-01-28 22:54:04,747 WARN  身份证读卡器初始化失败 
2021-01-28 22:54:05,257 WARN  身份证读卡器初始化失败 
2021-01-28 22:54:05,781 WARN  身份证读卡器注册失败 
2021-01-28 22:54:06,304 WARN  身份证读卡器注册失败 
2021-01-28 22:54:06,827 WARN  身份证读卡器注册失败 
2021-01-28 22:54:07,350 WARN  身份证读卡器注册失败 
2021-01-28 22:54:08,447 INFO  获取身份证信息成功 
2021-01-28 22:55:21,371 WARN  远程服务器返回错误: (500) 内部服务器错误。 
2021-01-28 22:55:21,393 WARN  身份证读卡器注册失败 
2021-01-28 22:55:21,916 WARN  身份证读卡器注册失败 
2021-01-28 22:55:22,439 WARN  身份证读卡器注册失败 
2021-01-28 22:55:22,962 WARN  身份证读卡器注册失败 
2021-01-28 22:55:23,486 WARN  身份证读卡器注册失败 
2021-01-28 22:55:24,010 WARN  身份证读卡器注册失败 
2021-01-28 22:55:24,532 WARN  身份证读卡器注册失败 
2021-01-28 22:55:25,057 WARN  身份证读卡器注册失败 
2021-01-28 22:55:25,579 WARN  身份证读卡器注册失败 
2021-01-28 22:55:26,102 WARN  身份证读卡器注册失败 
2021-01-28 22:55:26,626 WARN  身份证读卡器注册失败 
2021-01-28 22:55:27,148 WARN  身份证读卡器注册失败 
2021-01-28 22:55:27,671 WARN  身份证读卡器注册失败 
2021-01-28 22:55:28,193 WARN  身份证读卡器注册失败 
2021-01-28 22:55:28,716 WARN  身份证读卡器注册失败 
2021-01-28 22:55:29,239 WARN  身份证读卡器注册失败 
2021-01-28 22:55:29,761 WARN  身份证读卡器注册失败 
2021-01-28 22:55:30,284 WARN  身份证读卡器注册失败 
2021-01-28 22:55:30,806 WARN  身份证读卡器注册失败 
2021-01-28 22:55:31,330 WARN  身份证读卡器注册失败 
2021-01-28 22:55:31,853 WARN  身份证读卡器注册失败 
2021-01-28 22:55:32,376 WARN  身份证读卡器注册失败 
2021-01-28 22:55:32,900 WARN  身份证读卡器注册失败 
2021-01-28 22:55:33,424 WARN  身份证读卡器注册失败 
2021-01-28 22:55:33,949 WARN  身份证读卡器注册失败 
2021-01-28 22:55:34,472 WARN  身份证读卡器注册失败 
2021-01-28 22:55:34,994 WARN  身份证读卡器注册失败 
2021-01-28 22:55:35,517 WARN  身份证读卡器注册失败 
2021-01-28 22:55:36,040 WARN  身份证读卡器注册失败 
2021-01-28 22:55:36,562 WARN  身份证读卡器注册失败 
2021-01-28 22:55:37,085 WARN  身份证读卡器注册失败 
2021-01-28 22:55:37,607 WARN  身份证读卡器注册失败 
2021-01-28 22:55:38,132 WARN  身份证读卡器注册失败 
2021-01-28 22:55:38,657 WARN  身份证读卡器注册失败 
2021-01-28 22:55:39,181 WARN  身份证读卡器注册失败 
2021-01-28 22:55:39,706 WARN  身份证读卡器注册失败 
2021-01-28 22:55:40,231 WARN  身份证读卡器注册失败 
2021-01-28 22:55:40,754 WARN  身份证读卡器注册失败 
2021-01-28 22:55:41,277 WARN  身份证读卡器注册失败 
2021-01-28 22:55:41,800 WARN  身份证读卡器注册失败 
2021-01-28 22:55:42,324 WARN  身份证读卡器注册失败 
2021-01-28 22:55:42,848 WARN  身份证读卡器注册失败 
2021-01-28 22:55:43,371 WARN  身份证读卡器注册失败 
2021-01-28 22:55:43,896 WARN  身份证读卡器注册失败 
2021-01-28 22:55:44,419 WARN  身份证读卡器注册失败 
2021-01-28 22:55:44,943 WARN  身份证读卡器注册失败 
2021-01-28 22:55:45,467 WARN  身份证读卡器注册失败 
2021-01-28 22:55:45,989 WARN  身份证读卡器注册失败 
2021-01-28 22:55:46,514 WARN  身份证读卡器注册失败 
2021-01-28 22:55:47,038 WARN  身份证读卡器注册失败 
2021-01-28 22:55:47,561 WARN  身份证读卡器注册失败 
2021-01-28 22:55:48,086 WARN  身份证读卡器注册失败 
2021-01-28 22:55:48,609 WARN  身份证读卡器注册失败 
2021-01-28 22:55:49,132 WARN  身份证读卡器注册失败 
2021-01-28 22:55:49,655 WARN  身份证读卡器注册失败 
2021-01-28 22:55:50,179 WARN  身份证读卡器注册失败 
2021-01-28 22:55:50,701 WARN  身份证读卡器注册失败 
2021-01-28 22:55:51,226 WARN  身份证读卡器注册失败 
2021-01-28 22:55:51,749 WARN  身份证读卡器注册失败 
2021-01-28 22:55:52,274 WARN  身份证读卡器注册失败 
2021-01-28 22:55:52,797 WARN  身份证读卡器注册失败 
2021-01-28 22:55:53,322 WARN  身份证读卡器注册失败 
2021-01-28 22:55:53,844 WARN  身份证读卡器注册失败 
2021-01-28 22:55:54,386 WARN  身份证读卡器注册失败 
2021-01-28 22:55:54,909 WARN  身份证读卡器注册失败 
2021-01-28 22:55:55,433 WARN  身份证读卡器注册失败 
2021-01-28 22:55:55,956 WARN  身份证读卡器注册失败 
2021-01-28 22:55:56,479 WARN  身份证读卡器注册失败 
2021-01-28 22:55:57,002 WARN  身份证读卡器注册失败 
2021-01-28 22:55:57,525 WARN  身份证读卡器注册失败 
2021-01-28 22:55:58,049 WARN  身份证读卡器注册失败 
2021-01-28 22:55:58,574 WARN  身份证读卡器注册失败 
2021-01-28 22:55:59,097 WARN  身份证读卡器注册失败 
2021-01-28 22:55:59,621 WARN  身份证读卡器注册失败 
2021-01-28 22:56:00,144 WARN  身份证读卡器注册失败 
2021-01-28 22:56:00,667 WARN  身份证读卡器注册失败 
2021-01-28 22:56:01,190 WARN  身份证读卡器注册失败 
2021-01-28 22:56:01,714 WARN  身份证读卡器注册失败 
2021-01-28 22:56:02,237 WARN  身份证读卡器注册失败 
2021-01-28 22:56:02,761 WARN  身份证读卡器注册失败 
2021-01-28 22:56:03,286 WARN  身份证读卡器注册失败 
2021-01-28 22:56:03,809 WARN  身份证读卡器注册失败 
2021-01-28 22:56:04,332 WARN  身份证读卡器注册失败 
2021-01-28 22:56:04,855 WARN  身份证读卡器注册失败 
2021-01-28 22:56:05,379 WARN  身份证读卡器注册失败 
2021-01-28 22:56:05,902 WARN  身份证读卡器注册失败 
2021-01-28 22:56:06,426 WARN  身份证读卡器注册失败 
2021-01-28 22:56:06,949 WARN  身份证读卡器注册失败 
2021-01-28 22:56:07,471 WARN  身份证读卡器注册失败 
2021-01-28 22:56:07,997 WARN  身份证读卡器注册失败 
2021-01-28 22:56:08,523 WARN  身份证读卡器注册失败 
2021-01-28 22:56:09,046 WARN  身份证读卡器注册失败 
2021-01-28 22:56:09,571 WARN  身份证读卡器注册失败 
2021-01-28 22:56:10,096 WARN  身份证读卡器注册失败 
2021-01-28 22:56:10,620 WARN  身份证读卡器注册失败 
2021-01-28 22:56:11,145 WARN  身份证读卡器注册失败 
2021-01-28 22:56:12,247 INFO  获取身份证信息成功 
